This is pdfTeX, Version 3.141592653-2.6-1.40.24 (TeX Live 2022) (preloaded format=pdflatex 2022.11.2)  21 DEC 2022 11:51
entering extended mode
 restricted \write18 enabled.
 file:line:error style messages enabled.
 %&-line parsing enabled.
**"d:/MEGASync/MATERIAL DISSERTACAO MESTRADO IME 2023/dissertacao-mestrado-ime-2023/main"
(d:/MEGASync/MATERIAL DISSERTACAO MESTRADO IME 2023/dissertacao-mestrado-ime-2023/main.tex
LaTeX2e <2022-06-01> patch level 5
L3 programming layer <2022-10-26> (./abnTex2.cls

LaTeX Warning: You have requested document class `./abnTeX2',
               but the document class provides `abntex2'.

Document Class: abntex2 <CURRENT_DATE> v<VERSION> abnTeX2
(c:/texlive/2022/texmf-dist/tex/latex/base/ifthen.sty
Package: ifthen 2022/04/13 v1.1d Standard LaTeX ifthen package (DPC)
) (c:/texlive/2022/texmf-dist/tex/latex/memoir/memoir.cls
Document Class: memoir 2022/07/29 v3.7r configurable book, report, article document class
(c:/texlive/2022/texmf-dist/tex/latex/etoolbox/etoolbox.sty
Package: etoolbox 2020/10/05 v2.5k e-TeX tools for LaTeX (JAW)
\etb@tempcnta=\count185
)
\onelineskip=\skip47
\lxvchars=\skip48
\xlvchars=\skip49
\@memcnta=\count186
\c@@memmarkcntra=\count187
 (c:/texlive/2022/texmf-dist/tex/generic/iftex/iftex.sty
Package: iftex 2022/02/03 v1.0f TeX engine tests
)
\stockheight=\skip50
\stockwidth=\skip51
\trimtop=\skip52
\trimedge=\skip53
 (c:/texlive/2022/texmf-dist/tex/latex/memoir/mem12.clo
File: mem12.clo 2022/07/29 v0.5 memoir class 12pt size option
)
\binding=\skip54
\spinemargin=\skip55
\foremargin=\skip56
\uppermargin=\skip57
\lowermargin=\skip58
\headdrop=\skip59
\normalrulethickness=\skip60
\mem@maxheadheight=\skip61
\mem@maxfootheight=\skip62
\headwidth=\skip63
\c@storedpagenumber=\count188
\memPD=\dimen138
\m@mabparskip=\skip64
\thanksmarkwidth=\skip65
\thanksmarksep=\skip66
\droptitle=\skip67
\c@book=\count189
\c@part=\count190
\c@chapter=\count191
\c@section=\count192
\c@subsection=\count193
\c@subsubsection=\count194
\c@paragraph=\count195
\c@subparagraph=\count196
\beforechapskip=\skip68
\midchapskip=\skip69
\afterchapskip=\skip70
\chapindent=\skip71
\bottomsectionskip=\skip72
\secindent=\skip73
\beforesecskip=\skip74
\aftersecskip=\skip75
\subsecindent=\skip76
\beforesubsecskip=\skip77
\aftersubsecskip=\skip78
\subsubsecindent=\skip79
\beforesubsubsecskip=\skip80
\aftersubsubsecskip=\skip81
\paraindent=\skip82
\beforeparaskip=\skip83
\afterparaskip=\skip84
\subparaindent=\skip85
\beforesubparaskip=\skip86
\aftersubparaskip=\skip87
\pfbreakskip=\skip88
\c@@ppsavesec=\count197
\c@@ppsaveapp=\count198
\ragrparindent=\dimen139
\everylistparindent=\dimen140
\parsepi=\skip89
\topsepi=\skip90
\itemsepi=\skip91
\parsepii=\skip92
\topsepii=\skip93
\topsepiii=\skip94
\itemsepii=\skip95
\itemsepiii=\skip96
\partopsepii=\skip97
\partopsepiii=\skip98
\m@msavetopsep=\skip99
\m@msavepartopsep=\skip100
\@enLab=\toks16
\abstitleskip=\skip101
\absleftindent=\skip102
\abs@leftindent=\dimen141
\absrightindent=\skip103
\absparindent=\skip104
\absparsep=\skip105
\c@vslineno=\count199
\c@poemline=\count266
\c@modulo@vs=\count267
\c@memfvsline=\count268
\vleftskip=\skip106
\vrightskip=\skip107
\stanzaskip=\skip108
\versewidth=\skip109
\vgap=\skip110
\vindent=\skip111
\vleftmargin=\dimen142
\c@verse=\count269
\c@chrsinstr=\count270
\beforepoemtitleskip=\skip112
\afterpoemtitleskip=\skip113
\c@poem=\count271
\beforePoemTitleskip=\skip114
\midPoemTitleskip=\skip115
\afterPoemTitleskip=\skip116
 (c:/texlive/2022/texmf-dist/tex/latex/tools/array.sty
Package: array 2022/03/10 v2.5f Tabular extension package (FMi)
\col@sep=\dimen143
\ar@mcellbox=\box51
\extrarowheight=\dimen144
\NC@list=\toks17
\extratabsurround=\skip117
\backup@length=\skip118
\ar@cellbox=\box52
) (c:/texlive/2022/texmf-dist/tex/latex/tools/dcolumn.sty
Package: dcolumn 2014/10/28 v1.06 decimal alignment package (DPC)
) (c:/texlive/2022/texmf-dist/tex/latex/tools/delarray.sty
Package: delarray 2014/10/28 v1.01 array delimiter package (DPC)
) (c:/texlive/2022/texmf-dist/tex/latex/tools/tabularx.sty
Package: tabularx 2020/01/15 v2.11c `tabularx' package (DPC)
\TX@col@width=\dimen145
\TX@old@table=\dimen146
\TX@old@col=\dimen147
\TX@target=\dimen148
\TX@delta=\dimen149
\TX@cols=\count272
\TX@ftn=\toks18
)
\heavyrulewidth=\dimen150
\lightrulewidth=\dimen151
\cmidrulewidth=\dimen152
\belowrulesep=\dimen153
\belowbottomsep=\dimen154
\aboverulesep=\dimen155
\abovetopsep=\dimen156
\cmidrulesep=\dimen157
\cmidrulekern=\dimen158
\defaultaddspace=\dimen159
\@cmidla=\count273
\@cmidlb=\count274
\@aboverulesep=\dimen160
\@belowrulesep=\dimen161
\@thisruleclass=\count275
\@lastruleclass=\count276
\@thisrulewidth=\dimen162
\ctableftskip=\skip119
\ctabrightskip=\skip120
\abovecolumnspenalty=\count277
\@linestogo=\count278
\@cellstogo=\count279
\@cellsincolumn=\count280
\crtok=\toks19
\@mincolumnwidth=\dimen163
\c@newflo@tctr=\count281
\mem@margin@floatbox=\box53
\@contcwidth=\skip121
\@contindw=\skip122
\abovecaptionskip=\skip123
\belowcaptionskip=\skip124
\subfloattopskip=\skip125
\subfloatcapskip=\skip126
\subfloatcaptopadj=\skip127
\subfloatbottomskip=\skip128
\subfloatlabelskip=\skip129
\subfloatcapmargin=\dimen164
\c@@contsubnum=\count282
\m@mscap@capbox=\box54
\m@mscap@fbox=\box55
\sidecapsep=\dimen165
\sidecapwidth=\dimen166
\m@m@tempdima=\dimen167
\m@mscapraise=\dimen168
\sidecapraise=\dimen169
\m@mscapmainwidth=\dimen170
\m@mscaplkern=\dimen171
\beforeepigraphskip=\skip130
\afterepigraphskip=\skip131
\epigraphwidth=\skip132
\epigraphrule=\skip133
LaTeX Info: Redefining \em on input line 7655.
LaTeX Info: Redefining \emph on input line 7663.
\tocentryskip=\skip134
\tocbaseline=\skip135
\cftparskip=\skip136
\cftbeforebookskip=\skip137
\cftbookindent=\dimen172
\cftbooknumwidth=\dimen173
\cftbeforepartskip=\skip138
\cftpartindent=\skip139
\cftpartnumwidth=\skip140
\cftbeforechapterskip=\skip141
\cftchapterindent=\skip142
\cftchapternumwidth=\skip143
\cftbeforesectionskip=\skip144
\cftsectionindent=\skip145
\cftsectionnumwidth=\skip146
\cftbeforesubsectionskip=\skip147
\cftsubsectionindent=\skip148
\cftsubsectionnumwidth=\skip149
\cftbeforesubsubsectionskip=\skip150
\cftsubsubsectionindent=\skip151
\cftsubsubsectionnumwidth=\skip152
\cftbeforeparagraphskip=\skip153
\cftparagraphindent=\skip154
\cftparagraphnumwidth=\skip155
\cftbeforesubparagraphskip=\skip156
\cftsubparagraphindent=\skip157
\cftsubparagraphnumwidth=\skip158
\prechapterprecisshift=\dimen174
\c@maxsecnumdepth=\count283
\bibindent=\dimen175
\bibitemsep=\skip159
\indexcolsep=\skip160
\indexrule=\skip161
\indexmarkstyle=\toks20
\@indexbox=\insert252
\glossarycolsep=\dimen176
\glossaryrule=\dimen177
\sideparvshift=\skip162
\sideins=\insert251
\sidebartopsep=\skip163
\sidebarhsep=\skip164
\sidebarvsep=\skip165
\sidebarwidth=\skip166
\footmarkwidth=\skip167
\footmarksep=\skip168
\footparindent=\skip169
\footinsdim=\skip170
\footinsv@r=\insert250
\@mpfootinsv@r=\insert249
\m@m@k=\count284
\m@m@h=\dimen178
\m@mipn@skip=\skip171
\sidefootins=\insert248
\sidefootadjust=\skip172
\sidefootheight=\skip173
\sidefoothsep=\skip174
\sidefootvsep=\skip175
\sidefootwidth=\skip176
\m@mdownsf=\skip177
\c@sidefootnote=\count285
\sidefootmarkwidth=\skip178
\sidefootmarksep=\skip179
\sidefootparindent=\skip180
\c@pagenote=\count286
\c@pagenoteshadow=\count287
\mem@pn@lastkern=\skip181
\every@verbatim=\toks21
\afterevery@verbatim=\toks22
\verbatim@line=\toks23
\tab@position=\count288
\verbatim@in@stream=\read2
\verbatimindent=\skip182
\verbatim@out=\write3
\bvboxsep=\skip183
\c@memfbvline=\count289
\c@bvlinectr=\count290
\bvnumlength=\skip184
\fb@frw=\dimen179
\fb@frh=\dimen180
\FrameRule=\dimen181
\FrameSep=\dimen182
\c@cp@cntr=\count291
\c@ism@mctr=\count292
\c@xsm@mctr=\count293
\c@csm@mctr=\count294
\c@ksm@mctr=\count295
\c@xksm@mctr=\count296
\c@cksm@mctr=\count297
\c@msm@mctr=\count298
\c@xmsm@mctr=\count299
\c@cmsm@mctr=\count300
\c@bsm@mctr=\count301
\c@workm@mctr=\count302
\c@sheetsequence=\count303
\c@lastsheet=\count304
\c@lastpage=\count305
 (c:/texlive/2022/texmf-dist/tex/latex/textcase/textcase.sty
Package: textcase 2022/07/10 v1.03 Text only upper/lower case changing (DPC)
Package textcase Info: Defining Legacy names on input line 20.
)
\c@figure=\count306
\c@lofdepth=\count307
\cftbeforefigureskip=\skip185
\cftfigureindent=\skip186
\cftfigurenumwidth=\skip187
\c@table=\count308
\c@lotdepth=\count309
\cftbeforetableskip=\skip188
\cfttableindent=\skip189
\cfttablenumwidth=\skip190
Package abstract [2008/07/23] emulated by memoir.
Package appendix [2008/07/23] emulated by memoir.
Package booktabs [2016/05/16] emulated by memoir.
Package ccaption [2008/07/23] emulated by memoir.
Package changepage [2008/07/23] emulated by memoir.
Package chngcntr [2008/07/23] emulated by memoir.
Package chngpage [2008/07/23] emulated by memoir.
Package crop emulated by memoir.
Package enumerate [2008/07/23] emulated by memoir.
Package epigraph [2008/07/23] emulated by memoir.
Package ifmtarg [2008/07/23] emulated by memoir.
Package index [2008/07/23] emulated by memoir.
Package makeidx [2008/07/23] emulated by memoir.
Package moreverb [2008/07/23] emulated by memoir.
Package needspace [2008/07/23] emulated by memoir.
Package newfile [2008/07/23] emulated by memoir.
Package nextpage [2008/07/23] emulated by memoir.
Package pagenote [2008/07/23] emulated by memoir.
Package parskip [2008/07/23] emulated by memoir.
Package patchcmd [2008/07/23] emulated by memoir.
Package setspace [2008/07/23] emulated by memoir.
Package shortvrb [2008/07/23] emulated by memoir.
Package showidx [2008/07/23] emulated by memoir.
Package titleref [2008/07/23] emulated by memoir.
Package titling [2008/07/23] emulated by memoir.
Package tocbibind [2008/07/23] emulated by memoir.
Package tocloft [2008/07/23] emulated by memoir.
Package tocvsec2 [2008/07/23] emulated by memoir.
Package verbatim [2008/07/23] emulated by memoir.
Package verse [2008/07/23] emulated by memoir.
) (c:/texlive/2022/texmf-dist/tex/latex/hyperref/hyperref.sty
Package: hyperref 2022-09-22 v7.00t Hypertext links for LaTeX
 (c:/texlive/2022/texmf-dist/tex/generic/ltxcmds/ltxcmds.sty
Package: ltxcmds 2020-05-10 v1.25 LaTeX kernel commands for general use (HO)
) (c:/texlive/2022/texmf-dist/tex/generic/pdftexcmds/pdftexcmds.sty
Package: pdftexcmds 2020-06-27 v0.33 Utility functions of pdfTeX for LuaTeX (HO)
 (c:/texlive/2022/texmf-dist/tex/generic/infwarerr/infwarerr.sty
Package: infwarerr 2019/12/03 v1.5 Providing info/warning/error messages (HO)
)
Package pdftexcmds Info: \pdf@primitive is available.
Package pdftexcmds Info: \pdf@ifprimitive is available.
Package pdftexcmds Info: \pdfdraftmode found.
) (c:/texlive/2022/texmf-dist/tex/latex/graphics/keyval.sty
Package: keyval 2022/05/29 v1.15 key=value parser (DPC)
\KV@toks@=\toks24
) (c:/texlive/2022/texmf-dist/tex/latex/kvsetkeys/kvsetkeys.sty
Package: kvsetkeys 2022-10-05 v1.19 Key value parser (HO)
) (c:/texlive/2022/texmf-dist/tex/generic/kvdefinekeys/kvdefinekeys.sty
Package: kvdefinekeys 2019-12-19 v1.6 Define keys (HO)
) (c:/texlive/2022/texmf-dist/tex/generic/pdfescape/pdfescape.sty
Package: pdfescape 2019/12/09 v1.15 Implements pdfTeX's escape features (HO)
) (c:/texlive/2022/texmf-dist/tex/latex/hycolor/hycolor.sty
Package: hycolor 2020-01-27 v1.10 Color options for hyperref/bookmark (HO)
) (c:/texlive/2022/texmf-dist/tex/latex/letltxmacro/letltxmacro.sty
Package: letltxmacro 2019/12/03 v1.6 Let assignment for LaTeX macros (HO)
) (c:/texlive/2022/texmf-dist/tex/latex/auxhook/auxhook.sty
Package: auxhook 2019-12-17 v1.6 Hooks for auxiliary files (HO)
) (c:/texlive/2022/texmf-dist/tex/latex/hyperref/nameref.sty
Package: nameref 2022-05-17 v2.50 Cross-referencing by name of section
 (c:/texlive/2022/texmf-dist/tex/latex/refcount/refcount.sty
Package: refcount 2019/12/15 v3.6 Data extraction from label references (HO)
) (c:/texlive/2022/texmf-dist/tex/generic/gettitlestring/gettitlestring.sty
Package: gettitlestring 2019/12/15 v1.6 Cleanup title references (HO)
 (c:/texlive/2022/texmf-dist/tex/latex/kvoptions/kvoptions.sty
Package: kvoptions 2022-06-15 v3.15 Key value format for package options (HO)
))
\c@section@level=\count310
)
\@linkdim=\dimen183
\Hy@linkcounter=\count311
\Hy@pagecounter=\count312
 (c:/texlive/2022/texmf-dist/tex/latex/hyperref/pd1enc.def
File: pd1enc.def 2022-09-22 v7.00t Hyperref: PDFDocEncoding definition (HO)
Now handling font encoding PD1 ...
... no UTF-8 mapping file for font encoding PD1
) (c:/texlive/2022/texmf-dist/tex/generic/intcalc/intcalc.sty
Package: intcalc 2019/12/15 v1.3 Expandable calculations with integers (HO)
) (c:/texlive/2022/texmf-dist/tex/generic/etexcmds/etexcmds.sty
Package: etexcmds 2019/12/15 v1.7 Avoid name clashes with e-TeX commands (HO)
)
\Hy@SavedSpaceFactor=\count313
 (c:/texlive/2022/texmf-dist/tex/latex/hyperref/puenc.def
File: puenc.def 2022-09-22 v7.00t Hyperref: PDF Unicode definition (HO)
Now handling font encoding PU ...
... no UTF-8 mapping file for font encoding PU
)
Package hyperref Info: Hyper figures OFF on input line 4162.
Package hyperref Info: Link nesting OFF on input line 4167.
Package hyperref Info: Hyper index ON on input line 4170.
Package hyperref Info: Plain pages OFF on input line 4177.
Package hyperref Info: Backreferencing OFF on input line 4182.
Package hyperref Info: Implicit mode ON; LaTeX internals redefined.
Package hyperref Info: Bookmarks ON on input line 4410.
\c@Hy@tempcnt=\count314
 (c:/texlive/2022/texmf-dist/tex/latex/url/url.sty
\Urlmuskip=\muskip16
Package: url 2013/09/16  ver 3.4  Verb mode for urls, etc.
)
LaTeX Info: Redefining \url on input line 4748.
\XeTeXLinkMargin=\dimen184
 (c:/texlive/2022/texmf-dist/tex/generic/bitset/bitset.sty
Package: bitset 2019/12/09 v1.3 Handle bit-vector datatype (HO)
 (c:/texlive/2022/texmf-dist/tex/generic/bigintcalc/bigintcalc.sty
Package: bigintcalc 2019/12/15 v1.5 Expandable calculations on big integers (HO)
))
\Fld@menulength=\count315
\Field@Width=\dimen185
\Fld@charsize=\dimen186
Package hyperref Info: Hyper figures OFF on input line 6027.
Package hyperref Info: Link nesting OFF on input line 6032.
Package hyperref Info: Hyper index ON on input line 6035.
Package hyperref Info: backreferencing OFF on input line 6042.
Package hyperref Info: Link coloring OFF on input line 6047.
Package hyperref Info: Link coloring with OCG OFF on input line 6052.
Package hyperref Info: PDF/A mode OFF on input line 6057.
 (c:/texlive/2022/texmf-dist/tex/latex/base/atbegshi-ltx.sty
Package: atbegshi-ltx 2021/01/10 v1.0c Emulation of the original atbegshi
package with kernel methods
)
\Hy@abspage=\count316
\c@Item=\count317
\c@Hfootnote=\count318
)
Package hyperref Info: Driver (autodetected): hpdftex.
 (c:/texlive/2022/texmf-dist/tex/latex/hyperref/hpdftex.def
File: hpdftex.def 2022-09-22 v7.00t Hyperref driver for pdfTeX
 (c:/texlive/2022/texmf-dist/tex/latex/base/atveryend-ltx.sty
Package: atveryend-ltx 2020/08/19 v1.0a Emulation of the original atveryend package
with kernel methods
)
\Fld@listcount=\count319
\c@bookmark@seq@number=\count320
 (c:/texlive/2022/texmf-dist/tex/latex/rerunfilecheck/rerunfilecheck.sty
Package: rerunfilecheck 2022-07-10 v1.10 Rerun checks for auxiliary files (HO)
 (c:/texlive/2022/texmf-dist/tex/generic/uniquecounter/uniquecounter.sty
Package: uniquecounter 2019/12/15 v1.4 Provide unlimited unique counter (HO)
)
Package uniquecounter Info: New unique counter `rerunfilecheck' on input line 285.
)
\Hy@SectionHShift=\skip191
) (c:/texlive/2022/texmf-dist/tex/latex/memoir/memhfixc.sty
Package: memhfixc 2021/06/16 v1.19 nameref/hyperref package fixes for memoir class

Redoing nameref's sectioning
Redoing nameref's label
LaTeX Info: Redefining \nameref on input line 102.
\c@memhycontfloat=\count321
\c@Hpagenote=\count322
) (c:/texlive/2022/texmf-dist/tex/latex/bookmark/bookmark.sty
Package: bookmark 2020-11-06 v1.29 PDF bookmarks (HO)
 (c:/texlive/2022/texmf-dist/tex/latex/bookmark/bkm-pdftex.def
File: bkm-pdftex.def 2020-11-06 v1.29 bookmark driver for pdfTeX (HO)
\BKM@id=\count323
)) (c:/texlive/2022/texmf-dist/tex/generic/babel/babel.sty
Package: babel 2022/10/23 3.82 The Babel package
\babel@savecnt=\count324
\U@D=\dimen187
\l@unhyphenated=\language87
 (c:/texlive/2022/texmf-dist/tex/generic/babel/txtbabel.def)
\bbl@readstream=\read3
\bbl@dirlevel=\count325
 (c:/texlive/2022/texmf-dist/tex/generic/babel-english/english.ldf
Language: english 2017/06/06 v3.3r English support from the babel system
Package babel Info: Hyphen rules for 'canadian' set to \l@english
(babel)             (\language0). Reported on input line 102.
Package babel Info: Hyphen rules for 'australian' set to \l@ukenglish
(babel)             (\language21). Reported on input line 105.
Package babel Info: Hyphen rules for 'newzealand' set to \l@ukenglish
(babel)             (\language21). Reported on input line 108.
) (c:/texlive/2022/texmf-dist/tex/generic/babel-portuges/brazil.ldf
Language: portuges 2021/07/09 v1.2t Portuguese support from the babel system
Package babel Info: Hyphen rules for 'brazil' set to \l@portuguese
(babel)             (\language70). Reported on input line 111.
Package babel Info: Making " an active character on input line 143.
)) (c:/texlive/2022/texmf-dist/tex/generic/babel/locale/en/babel-english.tex
Package babel Info: Importing font and identification data for english
(babel)             from babel-en.ini. Reported on input line 11.
) (c:/texlive/2022/texmf-dist/tex/latex/enumitem/enumitem.sty
Package: enumitem 2019/06/20 v3.9 Customized lists
\labelindent=\skip192
\enit@outerparindent=\dimen188
\enit@toks=\toks25
\enit@inbox=\box56
\enit@count@id=\count326
\enitdp@description=\count327
) (c:/texlive/2022/texmf-dist/tex/latex/tools/calc.sty
Package: calc 2017/05/25 v4.3 Infix arithmetic (KKT,FJ)
\calc@Acount=\count328
\calc@Bcount=\count329
\calc@Adimen=\dimen189
\calc@Bdimen=\dimen190
\calc@Askip=\skip193
\calc@Bskip=\skip194
LaTeX Info: Redefining \setlength on input line 80.
LaTeX Info: Redefining \addtolength on input line 81.
\calc@Ccount=\count330
\calc@Cskip=\skip195
)

******************************************************
Stock height and width: 845.04684pt by 597.50787pt
Top and edge trims: 0pt and 0pt
Page height and width: 845.04684pt by 597.50787pt
Text height and width: 708pt by 455pt
Spine and edge margins: 85.35826pt and 56.9055pt
Upper and lower margins: 85.35826pt and 51.68858pt
Headheight and headsep: 14.5pt and 19.8738pt
Footskip: 30pt
Columnsep and columnseprule: 10pt and 0pt
Marginparsep and marginparwidth: 7pt and 42.9055pt
Sidecapsep and sidecapwidth: 7pt and 42pt
Sidebarhsep and sidebarwidth: 7pt and 42pt
Sidebarvsep and sidebartopsep: 14.5pt and 0pt
Sidebarheight: 590.14995pt
Sidefoothsep and sidefootwidth: 7pt and 42pt
Sidefootvsep and sidefootheight: 14.5pt and 590.14995pt
******************************************************

\c@abntex@bookmarkcounter=\count331
\cftlastnumwidth=\skip196
\chapternamenumlength=\skip197
\ABNTEXcitacaorecuo=\skip198
\c@alineasi=\count332
\c@alineasii=\count333
\enitdp@alineas=\count334
\c@subalineasi=\count335
\enitdp@subalineas=\count336
\c@incisosi=\count337
\enitdp@incisos=\count338
\ABNTEXsignwidth=\skip199
\ABNTEXsignthickness=\skip256
\ABNTEXsignskip=\skip257
) (c:/texlive/2022/texmf-dist/tex/latex/lm/lmodern.sty
Package: lmodern 2015/05/01 v1.6.1 Latin Modern Fonts
LaTeX Font Info:    Overwriting symbol font `operators' in version `normal'
(Font)                  OT1/cmr/m/n --> OT1/lmr/m/n on input line 22.
LaTeX Font Info:    Overwriting symbol font `letters' in version `normal'
(Font)                  OML/cmm/m/it --> OML/lmm/m/it on input line 23.
LaTeX Font Info:    Overwriting symbol font `symbols' in version `normal'
(Font)                  OMS/cmsy/m/n --> OMS/lmsy/m/n on input line 24.
LaTeX Font Info:    Overwriting symbol font `largesymbols' in version `normal'
(Font)                  OMX/cmex/m/n --> OMX/lmex/m/n on input line 25.
LaTeX Font Info:    Overwriting symbol font `operators' in version `bold'
(Font)                  OT1/cmr/bx/n --> OT1/lmr/bx/n on input line 26.
LaTeX Font Info:    Overwriting symbol font `letters' in version `bold'
(Font)                  OML/cmm/b/it --> OML/lmm/b/it on input line 27.
LaTeX Font Info:    Overwriting symbol font `symbols' in version `bold'
(Font)                  OMS/cmsy/b/n --> OMS/lmsy/b/n on input line 28.
LaTeX Font Info:    Overwriting symbol font `largesymbols' in version `bold'
(Font)                  OMX/cmex/m/n --> OMX/lmex/m/n on input line 29.
LaTeX Font Info:    Overwriting math alphabet `\mathbf' in version `normal'
(Font)                  OT1/cmr/bx/n --> OT1/lmr/bx/n on input line 31.
LaTeX Font Info:    Overwriting math alphabet `\mathsf' in version `normal'
(Font)                  OT1/cmss/m/n --> OT1/lmss/m/n on input line 32.
LaTeX Font Info:    Overwriting math alphabet `\mathit' in version `normal'
(Font)                  OT1/cmr/m/it --> OT1/lmr/m/it on input line 33.
LaTeX Font Info:    Overwriting math alphabet `\mathtt' in version `normal'
(Font)                  OT1/cmtt/m/n --> OT1/lmtt/m/n on input line 34.
LaTeX Font Info:    Overwriting math alphabet `\mathbf' in version `bold'
(Font)                  OT1/cmr/bx/n --> OT1/lmr/bx/n on input line 35.
LaTeX Font Info:    Overwriting math alphabet `\mathsf' in version `bold'
(Font)                  OT1/cmss/bx/n --> OT1/lmss/bx/n on input line 36.
LaTeX Font Info:    Overwriting math alphabet `\mathit' in version `bold'
(Font)                  OT1/cmr/bx/it --> OT1/lmr/bx/it on input line 37.
LaTeX Font Info:    Overwriting math alphabet `\mathtt' in version `bold'
(Font)                  OT1/cmtt/m/n --> OT1/lmtt/m/n on input line 38.
) (c:/texlive/2022/texmf-dist/tex/latex/base/fontenc.sty
Package: fontenc 2021/04/29 v2.0v Standard LaTeX package
LaTeX Font Info:    Trying to load font information for T1+lmr on input line 112.
 (c:/texlive/2022/texmf-dist/tex/latex/lm/t1lmr.fd
File: t1lmr.fd 2015/05/01 v1.6.1 Font defs for Latin Modern
)) (c:/texlive/2022/texmf-dist/tex/latex/base/inputenc.sty
Package: inputenc 2021/02/14 v1.3d Input encoding file
\inpenc@prehook=\toks26
\inpenc@posthook=\toks27
) (c:/texlive/2022/texmf-dist/tex/latex/tools/indentfirst.sty
Package: indentfirst 1995/11/23 v1.03 Indent first paragraph (DPC)
) (c:/texlive/2022/texmf-dist/tex/latex/graphics/color.sty
Package: color 2022/01/06 v1.3d Standard LaTeX Color (DPC)
 (c:/texlive/2022/texmf-dist/tex/latex/graphics-cfg/color.cfg
File: color.cfg 2016/01/02 v1.6 sample color configuration
)
Package color Info: Driver file: pdftex.def on input line 149.
 (c:/texlive/2022/texmf-dist/tex/latex/graphics-def/pdftex.def
File: pdftex.def 2022/09/22 v1.2b Graphics/color driver for pdftex
) (c:/texlive/2022/texmf-dist/tex/latex/graphics/mathcolor.ltx)) (c:/texlive/2022/texmf-dist/tex/latex/graphics/graphicx.sty
Package: graphicx 2021/09/16 v1.2d Enhanced LaTeX Graphics (DPC,SPQR)
 (c:/texlive/2022/texmf-dist/tex/latex/graphics/graphics.sty
Package: graphics 2022/03/10 v1.4e Standard LaTeX Graphics (DPC,SPQR)
 (c:/texlive/2022/texmf-dist/tex/latex/graphics/trig.sty
Package: trig 2021/08/11 v1.11 sin cos tan (DPC)
) (c:/texlive/2022/texmf-dist/tex/latex/graphics-cfg/graphics.cfg
File: graphics.cfg 2016/06/04 v1.11 sample graphics configuration
)
Package graphics Info: Driver file: pdftex.def on input line 107.
)
\Gin@req@height=\dimen191
\Gin@req@width=\dimen192
) (c:/texlive/2022/texmf-dist/tex/latex/microtype/microtype.sty
Package: microtype 2022/06/23 v3.0f Micro-typographical refinements (RS)
\MT@toks=\toks28
\MT@tempbox=\box57
\MT@count=\count339
LaTeX Info: Redefining \noprotrusionifhmode on input line 1045.
LaTeX Info: Redefining \leftprotrusion on input line 1046.
LaTeX Info: Redefining \rightprotrusion on input line 1056.
LaTeX Info: Redefining \textls on input line 1234.
\MT@outer@kern=\dimen193
LaTeX Info: Redefining \textmicrotypecontext on input line 1858.
\MT@listname@count=\count340
 (c:/texlive/2022/texmf-dist/tex/latex/microtype/microtype-pdftex.def
File: microtype-pdftex.def 2022/06/23 v3.0f Definitions specific to pdftex (RS)
LaTeX Info: Redefining \lsstyle on input line 900.
LaTeX Info: Redefining \lslig on input line 900.
\MT@outer@space=\skip258
)
Package microtype Info: Loading configuration file microtype.cfg.
 (c:/texlive/2022/texmf-dist/tex/latex/microtype/microtype.cfg
File: microtype.cfg 2022/06/23 v3.0f microtype main configuration file (RS)
)) (c:/texlive/2022/texmf-dist/tex/latex/amsmath/amsmath.sty
Package: amsmath 2022/04/08 v2.17n AMS math features
\@mathmargin=\skip259

For additional information on amsmath, use the `?' option.
(c:/texlive/2022/texmf-dist/tex/latex/amsmath/amstext.sty
Package: amstext 2021/08/26 v2.01 AMS text
 (c:/texlive/2022/texmf-dist/tex/latex/amsmath/amsgen.sty
File: amsgen.sty 1999/11/30 v2.0 generic functions
\@emptytoks=\toks29
\ex@=\dimen194
)) (c:/texlive/2022/texmf-dist/tex/latex/amsmath/amsbsy.sty
Package: amsbsy 1999/11/29 v1.2d Bold Symbols
\pmbraise@=\dimen195
) (c:/texlive/2022/texmf-dist/tex/latex/amsmath/amsopn.sty
Package: amsopn 2022/04/08 v2.04 operator names
)
\inf@bad=\count341
LaTeX Info: Redefining \frac on input line 234.
\uproot@=\count342
\leftroot@=\count343
LaTeX Info: Redefining \overline on input line 399.
LaTeX Info: Redefining \colon on input line 410.
\classnum@=\count344
\DOTSCASE@=\count345
LaTeX Info: Redefining \ldots on input line 496.
LaTeX Info: Redefining \dots on input line 499.
LaTeX Info: Redefining \cdots on input line 620.
\Mathstrutbox@=\box58
\strutbox@=\box59
LaTeX Info: Redefining \big on input line 722.
LaTeX Info: Redefining \Big on input line 723.
LaTeX Info: Redefining \bigg on input line 724.
LaTeX Info: Redefining \Bigg on input line 725.
\big@size=\dimen196
LaTeX Font Info:    Redeclaring font encoding OML on input line 743.
LaTeX Font Info:    Redeclaring font encoding OMS on input line 744.
\macc@depth=\count346
LaTeX Info: Redefining \bmod on input line 905.
LaTeX Info: Redefining \pmod on input line 910.
LaTeX Info: Redefining \smash on input line 940.
LaTeX Info: Redefining \relbar on input line 970.
LaTeX Info: Redefining \Relbar on input line 971.
\c@MaxMatrixCols=\count347
\dotsspace@=\muskip17
\c@parentequation=\count348
\dspbrk@lvl=\count349
\tag@help=\toks30
\row@=\count350
\column@=\count351
\maxfields@=\count352
\andhelp@=\toks31
\eqnshift@=\dimen197
\alignsep@=\dimen198
\tagshift@=\dimen199
\tagwidth@=\dimen256
\totwidth@=\dimen257
\lineht@=\dimen258
\@envbody=\toks32
\multlinegap=\skip260
\multlinetaggap=\skip261
\mathdisplay@stack=\toks33
LaTeX Info: Redefining \[ on input line 2953.
LaTeX Info: Redefining \] on input line 2954.
) (c:/texlive/2022/texmf-dist/tex/latex/siunitx/siunitx.sty
Package: siunitx 2022-10-23 v3.1.9 A comprehensive (SI) units package
\l__siunitx_angle_tmp_dim=\dimen259
\l__siunitx_angle_marker_box=\box60
\l__siunitx_angle_unit_box=\box61
\l__siunitx_compound_count_int=\count353
 (c:/texlive/2022/texmf-dist/tex/latex/translations/translations.sty
Package: translations 2022/02/05 v1.12 internationalization of LaTeX2e packages (CN)
)
\l__siunitx_number_exponent_fixed_int=\count354
\l__siunitx_number_min_decimal_int=\count355
\l__siunitx_number_min_integer_int=\count356
\l__siunitx_number_round_precision_int=\count357
\l__siunitx_number_group_first_int=\count358
\l__siunitx_number_group_size_int=\count359
\l__siunitx_number_group_minimum_int=\count360
\l__siunitx_table_tmp_box=\box62
\l__siunitx_table_tmp_dim=\dimen260
\l__siunitx_table_column_width_dim=\dimen261
\l__siunitx_table_integer_box=\box63
\l__siunitx_table_decimal_box=\box64
\l__siunitx_table_before_box=\box65
\l__siunitx_table_after_box=\box66
\l__siunitx_table_before_dim=\dimen262
\l__siunitx_table_carry_dim=\dimen263
\l__siunitx_unit_tmp_int=\count361
\l__siunitx_unit_position_int=\count362
\l__siunitx_unit_total_int=\count363
) (c:/texlive/2022/texmf-dist/tex/latex/multirow/multirow.sty
Package: multirow 2021/03/15 v2.8 Span multiple rows of a table
\multirow@colwidth=\skip262
\multirow@cntb=\count364
\multirow@dima=\skip263
\bigstrutjot=\dimen264
) (c:/texlive/2022/texmf-dist/tex/latex/tools/multicol.sty
Package: multicol 2021/11/30 v1.9d multicolumn formatting (FMi)
\c@tracingmulticols=\count365
\mult@box=\box67
\multicol@leftmargin=\dimen265
\c@unbalance=\count366
\c@collectmore=\count367
\doublecol@number=\count368
\multicoltolerance=\count369
\multicolpretolerance=\count370
\full@width=\dimen266
\page@free=\dimen267
\premulticols=\dimen268
\postmulticols=\dimen269
\multicolsep=\skip264
\multicolbaselineskip=\skip265
\partial@page=\box68
\last@line=\box69
\maxbalancingoverflow=\dimen270
\mult@rightbox=\box70
\mult@grightbox=\box71
\mult@firstbox=\box72
\mult@gfirstbox=\box73
\@tempa=\box74
\@tempa=\box75
\@tempa=\box76
\@tempa=\box77
\@tempa=\box78
\@tempa=\box79
\@tempa=\box80
\@tempa=\box81
\@tempa=\box82
\@tempa=\box83
\@tempa=\box84
\@tempa=\box85
\@tempa=\box86
\@tempa=\box87
\@tempa=\box88
\@tempa=\box89
\@tempa=\box90
\@tempa=\box91
\@tempa=\box92
\@tempa=\box93
\@tempa=\box94
\@tempa=\box95
\@tempa=\box96
\@tempa=\box97
\@tempa=\box98
\@tempa=\box99
\@tempa=\box100
\@tempa=\box101
\@tempa=\box102
\@tempa=\box103
\@tempa=\box104
\@tempa=\box105
\@tempa=\box106
\@tempa=\box107
\@tempa=\box108
\@tempa=\box109
\c@minrows=\count371
\c@columnbadness=\count372
\c@finalcolumnbadness=\count373
\last@try=\dimen271
\multicolovershoot=\dimen272
\multicolundershoot=\dimen273
\mult@nat@firstbox=\box110
\colbreak@box=\box111
\mc@col@check@num=\count374
) (c:/texlive/2022/texmf-dist/tex/latex/xcolor/xcolor.sty
Package: xcolor 2022/06/12 v2.14 LaTeX color extensions (UK)
 (c:/texlive/2022/texmf-dist/tex/latex/graphics-cfg/color.cfg
File: color.cfg 2016/01/02 v1.6 sample color configuration
)
Package xcolor Info: Driver file: pdftex.def on input line 227.
 (c:/texlive/2022/texmf-dist/tex/latex/colortbl/colortbl.sty
Package: colortbl 2022/06/20 v1.0f Color table columns (DPC)
\everycr=\toks34
\minrowclearance=\skip266
\rownum=\count375
)
LaTeX Info: Redefining \color on input line 711.
 (c:/texlive/2022/texmf-dist/tex/latex/graphics/mathcolor.ltx)
Package xcolor Info: Model `cmy' substituted by `cmy0' on input line 1353.
Package xcolor Info: Model `hsb' substituted by `rgb' on input line 1357.
Package xcolor Info: Model `RGB' extended on input line 1369.
Package xcolor Info: Model `HTML' substituted by `rgb' on input line 1371.
Package xcolor Info: Model `Hsb' substituted by `hsb' on input line 1372.
Package xcolor Info: Model `tHsb' substituted by `hsb' on input line 1373.
Package xcolor Info: Model `HSB' substituted by `hsb' on input line 1374.
Package xcolor Info: Model `Gray' substituted by `gray' on input line 1375.
Package xcolor Info: Model `wave' substituted by `hsb' on input line 1376.
) (c:/texlive/2022/texmf-dist/tex/latex/tools/longtable.sty
Package: longtable 2021-09-01 v4.17 Multi-page Table package (DPC)
\LTleft=\skip267
\LTright=\skip268
\LTpre=\skip269
\LTpost=\skip270
\LTchunksize=\count376
\LTcapwidth=\dimen274
\LT@head=\box112
\LT@firsthead=\box113
\LT@foot=\box114
\LT@lastfoot=\box115
\LT@gbox=\box116
\LT@cols=\count377
\LT@rows=\count378
\c@LT@tables=\count379
\c@LT@chunks=\count380
\LT@p@ftn=\toks35
) (c:/texlive/2022/texmf-dist/tex/latex/ragged2e/ragged2e.sty
Package: ragged2e 2021/12/15 v3.1 ragged2e Package
\CenteringLeftskip=\skip271
\RaggedLeftLeftskip=\skip272
\RaggedRightLeftskip=\skip273
\CenteringRightskip=\skip274
\RaggedLeftRightskip=\skip275
\RaggedRightRightskip=\skip276
\CenteringParfillskip=\skip277
\RaggedLeftParfillskip=\skip278
\RaggedRightParfillskip=\skip279
\JustifyingParfillskip=\skip280
\CenteringParindent=\skip281
\RaggedLeftParindent=\skip282
\RaggedRightParindent=\skip283
\JustifyingParindent=\skip284
) (c:/texlive/2022/texmf-dist/tex/latex/graphics/lscape.sty
Package: lscape 2020/05/28 v3.02 Landscape Pages (DPC)
) (c:/texlive/2022/texmf-dist/tex/latex/caption/caption.sty
Package: caption 2022/03/01 v3.6b Customizing captions (AR)
 (c:/texlive/2022/texmf-dist/tex/latex/caption/caption3.sty
Package: caption3 2022/03/17 v2.3b caption3 kernel (AR)
\caption@tempdima=\dimen275
\captionmargin=\dimen276
\caption@leftmargin=\dimen277
\caption@rightmargin=\dimen278
\caption@width=\dimen279
\caption@indent=\dimen280
\caption@parindent=\dimen281
\caption@hangindent=\dimen282
Package caption Info: memoir document class detected.
 (c:/texlive/2022/texmf-dist/tex/latex/caption/caption-memoir.sto
File: caption-memoir.sto 2022/03/02 v2.2b Adaption of the caption package to the memoir document class (AR)
))
\c@caption@flags=\count381
\c@continuedfloat=\count382
Package caption Info: changepage package is loaded.
\caption@adjustwidth@hsize=\dimen283
\caption@adjustwidth@linewidth=\dimen284
Package caption Info: hyperref package is loaded.
Package caption Info: longtable package is loaded.
 (c:/texlive/2022/texmf-dist/tex/latex/caption/ltcaption.sty
Package: ltcaption 2021/01/08 v1.4c longtable captions (AR)
)) (c:/texlive/2022/texmf-dist/tex/latex/caption/subcaption.sty
Package: subcaption 2022/01/07 v1.5 Sub-captions (AR)
\c@subfigure=\count383
\c@subtable=\count384
) (c:/texlive/2022/texmf-dist/tex/latex/pgf/frontendlayer/tikz.sty (c:/texlive/2022/texmf-dist/tex/latex/pgf/basiclayer/pgf.sty (c:/texlive/2022/texmf-dist/tex/latex/pgf/utilities/pgfrcs.sty (c:/texlive/2022/texmf-dist/tex/generic/pgf/utilities/pgfutil-common.tex
\pgfutil@everybye=\toks36
\pgfutil@tempdima=\dimen285
\pgfutil@tempdimb=\dimen286
 (c:/texlive/2022/texmf-dist/tex/generic/pgf/utilities/pgfutil-common-lists.tex)) (c:/texlive/2022/texmf-dist/tex/generic/pgf/utilities/pgfutil-latex.def
\pgfutil@abb=\box117
) (c:/texlive/2022/texmf-dist/tex/generic/pgf/utilities/pgfrcs.code.tex (c:/texlive/2022/texmf-dist/tex/generic/pgf/pgf.revision.tex)
Package: pgfrcs 2021/05/15 v3.1.9a (3.1.9a)
))
Package: pgf 2021/05/15 v3.1.9a (3.1.9a)
 (c:/texlive/2022/texmf-dist/tex/latex/pgf/basiclayer/pgfcore.sty (c:/texlive/2022/texmf-dist/tex/latex/pgf/systemlayer/pgfsys.sty (c:/texlive/2022/texmf-dist/tex/generic/pgf/systemlayer/pgfsys.code.tex
Package: pgfsys 2021/05/15 v3.1.9a (3.1.9a)
 (c:/texlive/2022/texmf-dist/tex/generic/pgf/utilities/pgfkeys.code.tex
\pgfkeys@pathtoks=\toks37
\pgfkeys@temptoks=\toks38
 (c:/texlive/2022/texmf-dist/tex/generic/pgf/utilities/pgfkeysfiltered.code.tex
\pgfkeys@tmptoks=\toks39
))
\pgf@x=\dimen287
\pgf@y=\dimen288
\pgf@xa=\dimen289
\pgf@ya=\dimen290
\pgf@xb=\dimen291
\pgf@yb=\dimen292
\pgf@xc=\dimen293
\pgf@yc=\dimen294
\pgf@xd=\dimen295
\pgf@yd=\dimen296
\w@pgf@writea=\write4
\r@pgf@reada=\read4
\c@pgf@counta=\count385
\c@pgf@countb=\count386
\c@pgf@countc=\count387
\c@pgf@countd=\count388
\t@pgf@toka=\toks40
\t@pgf@tokb=\toks41
\t@pgf@tokc=\toks42
\pgf@sys@id@count=\count389
 (c:/texlive/2022/texmf-dist/tex/generic/pgf/systemlayer/pgf.cfg
File: pgf.cfg 2021/05/15 v3.1.9a (3.1.9a)
)
Driver file for pgf: pgfsys-pdftex.def
 (c:/texlive/2022/texmf-dist/tex/generic/pgf/systemlayer/pgfsys-pdftex.def
File: pgfsys-pdftex.def 2021/05/15 v3.1.9a (3.1.9a)
 (c:/texlive/2022/texmf-dist/tex/generic/pgf/systemlayer/pgfsys-common-pdf.def
File: pgfsys-common-pdf.def 2021/05/15 v3.1.9a (3.1.9a)
))) (c:/texlive/2022/texmf-dist/tex/generic/pgf/systemlayer/pgfsyssoftpath.code.tex
File: pgfsyssoftpath.code.tex 2021/05/15 v3.1.9a (3.1.9a)
\pgfsyssoftpath@smallbuffer@items=\count390
\pgfsyssoftpath@bigbuffer@items=\count391
) (c:/texlive/2022/texmf-dist/tex/generic/pgf/systemlayer/pgfsysprotocol.code.tex
File: pgfsysprotocol.code.tex 2021/05/15 v3.1.9a (3.1.9a)
)) (c:/texlive/2022/texmf-dist/tex/generic/pgf/basiclayer/pgfcore.code.tex
Package: pgfcore 2021/05/15 v3.1.9a (3.1.9a)
 (c:/texlive/2022/texmf-dist/tex/generic/pgf/math/pgfmath.code.tex (c:/texlive/2022/texmf-dist/tex/generic/pgf/math/pgfmathcalc.code.tex (c:/texlive/2022/texmf-dist/tex/generic/pgf/math/pgfmathutil.code.tex) (c:/texlive/2022/texmf-dist/tex/generic/pgf/math/pgfmathparser.code.tex
\pgfmath@dimen=\dimen297
\pgfmath@count=\count392
\pgfmath@box=\box118
\pgfmath@toks=\toks43
\pgfmath@stack@operand=\toks44
\pgfmath@stack@operation=\toks45
) (c:/texlive/2022/texmf-dist/tex/generic/pgf/math/pgfmathfunctions.code.tex (c:/texlive/2022/texmf-dist/tex/generic/pgf/math/pgfmathfunctions.basic.code.tex) (c:/texlive/2022/texmf-dist/tex/generic/pgf/math/pgfmathfunctions.trigonometric.code.tex) (c:/texlive/2022/texmf-dist/tex/generic/pgf/math/pgfmathfunctions.random.code.tex) (c:/texlive/2022/texmf-dist/tex/generic/pgf/math/pgfmathfunctions.comparison.code.tex) (c:/texlive/2022/texmf-dist/tex/generic/pgf/math/pgfmathfunctions.base.code.tex) (c:/texlive/2022/texmf-dist/tex/generic/pgf/math/pgfmathfunctions.round.code.tex) (c:/texlive/2022/texmf-dist/tex/generic/pgf/math/pgfmathfunctions.misc.code.tex) (c:/texlive/2022/texmf-dist/tex/generic/pgf/math/pgfmathfunctions.integerarithmetics.code.tex))) (c:/texlive/2022/texmf-dist/tex/generic/pgf/math/pgfmathfloat.code.tex
\c@pgfmathroundto@lastzeros=\count393
)) (c:/texlive/2022/texmf-dist/tex/generic/pgf/math/pgfint.code.tex) (c:/texlive/2022/texmf-dist/tex/generic/pgf/basiclayer/pgfcorepoints.code.tex
File: pgfcorepoints.code.tex 2021/05/15 v3.1.9a (3.1.9a)
\pgf@picminx=\dimen298
\pgf@picmaxx=\dimen299
\pgf@picminy=\dimen300
\pgf@picmaxy=\dimen301
\pgf@pathminx=\dimen302
\pgf@pathmaxx=\dimen303
\pgf@pathminy=\dimen304
\pgf@pathmaxy=\dimen305
\pgf@xx=\dimen306
\pgf@xy=\dimen307
\pgf@yx=\dimen308
\pgf@yy=\dimen309
\pgf@zx=\dimen310
\pgf@zy=\dimen311
) (c:/texlive/2022/texmf-dist/tex/generic/pgf/basiclayer/pgfcorepathconstruct.code.tex
File: pgfcorepathconstruct.code.tex 2021/05/15 v3.1.9a (3.1.9a)
\pgf@path@lastx=\dimen312
\pgf@path@lasty=\dimen313
) (c:/texlive/2022/texmf-dist/tex/generic/pgf/basiclayer/pgfcorepathusage.code.tex
File: pgfcorepathusage.code.tex 2021/05/15 v3.1.9a (3.1.9a)
\pgf@shorten@end@additional=\dimen314
\pgf@shorten@start@additional=\dimen315
) (c:/texlive/2022/texmf-dist/tex/generic/pgf/basiclayer/pgfcorescopes.code.tex
File: pgfcorescopes.code.tex 2021/05/15 v3.1.9a (3.1.9a)
\pgfpic=\box119
\pgf@hbox=\box120
\pgf@layerbox@main=\box121
\pgf@picture@serial@count=\count394
) (c:/texlive/2022/texmf-dist/tex/generic/pgf/basiclayer/pgfcoregraphicstate.code.tex
File: pgfcoregraphicstate.code.tex 2021/05/15 v3.1.9a (3.1.9a)
\pgflinewidth=\dimen316
) (c:/texlive/2022/texmf-dist/tex/generic/pgf/basiclayer/pgfcoretransformations.code.tex
File: pgfcoretransformations.code.tex 2021/05/15 v3.1.9a (3.1.9a)
\pgf@pt@x=\dimen317
\pgf@pt@y=\dimen318
\pgf@pt@temp=\dimen319
) (c:/texlive/2022/texmf-dist/tex/generic/pgf/basiclayer/pgfcorequick.code.tex
File: pgfcorequick.code.tex 2021/05/15 v3.1.9a (3.1.9a)
) (c:/texlive/2022/texmf-dist/tex/generic/pgf/basiclayer/pgfcoreobjects.code.tex
File: pgfcoreobjects.code.tex 2021/05/15 v3.1.9a (3.1.9a)
) (c:/texlive/2022/texmf-dist/tex/generic/pgf/basiclayer/pgfcorepathprocessing.code.tex
File: pgfcorepathprocessing.code.tex 2021/05/15 v3.1.9a (3.1.9a)
) (c:/texlive/2022/texmf-dist/tex/generic/pgf/basiclayer/pgfcorearrows.code.tex
File: pgfcorearrows.code.tex 2021/05/15 v3.1.9a (3.1.9a)
\pgfarrowsep=\dimen320
) (c:/texlive/2022/texmf-dist/tex/generic/pgf/basiclayer/pgfcoreshade.code.tex
File: pgfcoreshade.code.tex 2021/05/15 v3.1.9a (3.1.9a)
\pgf@max=\dimen321
\pgf@sys@shading@range@num=\count395
\pgf@shadingcount=\count396
) (c:/texlive/2022/texmf-dist/tex/generic/pgf/basiclayer/pgfcoreimage.code.tex
File: pgfcoreimage.code.tex 2021/05/15 v3.1.9a (3.1.9a)
 (c:/texlive/2022/texmf-dist/tex/generic/pgf/basiclayer/pgfcoreexternal.code.tex
File: pgfcoreexternal.code.tex 2021/05/15 v3.1.9a (3.1.9a)
\pgfexternal@startupbox=\box122
)) (c:/texlive/2022/texmf-dist/tex/generic/pgf/basiclayer/pgfcorelayers.code.tex
File: pgfcorelayers.code.tex 2021/05/15 v3.1.9a (3.1.9a)
) (c:/texlive/2022/texmf-dist/tex/generic/pgf/basiclayer/pgfcoretransparency.code.tex
File: pgfcoretransparency.code.tex 2021/05/15 v3.1.9a (3.1.9a)
) (c:/texlive/2022/texmf-dist/tex/generic/pgf/basiclayer/pgfcorepatterns.code.tex
File: pgfcorepatterns.code.tex 2021/05/15 v3.1.9a (3.1.9a)
) (c:/texlive/2022/texmf-dist/tex/generic/pgf/basiclayer/pgfcorerdf.code.tex
File: pgfcorerdf.code.tex 2021/05/15 v3.1.9a (3.1.9a)
))) (c:/texlive/2022/texmf-dist/tex/generic/pgf/modules/pgfmoduleshapes.code.tex
File: pgfmoduleshapes.code.tex 2021/05/15 v3.1.9a (3.1.9a)
\pgfnodeparttextbox=\box123
) (c:/texlive/2022/texmf-dist/tex/generic/pgf/modules/pgfmoduleplot.code.tex
File: pgfmoduleplot.code.tex 2021/05/15 v3.1.9a (3.1.9a)
) (c:/texlive/2022/texmf-dist/tex/latex/pgf/compatibility/pgfcomp-version-0-65.sty
Package: pgfcomp-version-0-65 2021/05/15 v3.1.9a (3.1.9a)
\pgf@nodesepstart=\dimen322
\pgf@nodesepend=\dimen323
) (c:/texlive/2022/texmf-dist/tex/latex/pgf/compatibility/pgfcomp-version-1-18.sty
Package: pgfcomp-version-1-18 2021/05/15 v3.1.9a (3.1.9a)
)) (c:/texlive/2022/texmf-dist/tex/latex/pgf/utilities/pgffor.sty (c:/texlive/2022/texmf-dist/tex/latex/pgf/utilities/pgfkeys.sty (c:/texlive/2022/texmf-dist/tex/generic/pgf/utilities/pgfkeys.code.tex)) (c:/texlive/2022/texmf-dist/tex/latex/pgf/math/pgfmath.sty (c:/texlive/2022/texmf-dist/tex/generic/pgf/math/pgfmath.code.tex)) (c:/texlive/2022/texmf-dist/tex/generic/pgf/utilities/pgffor.code.tex
Package: pgffor 2021/05/15 v3.1.9a (3.1.9a)
 (c:/texlive/2022/texmf-dist/tex/generic/pgf/math/pgfmath.code.tex)
\pgffor@iter=\dimen324
\pgffor@skip=\dimen325
\pgffor@stack=\toks46
\pgffor@toks=\toks47
)) (c:/texlive/2022/texmf-dist/tex/generic/pgf/frontendlayer/tikz/tikz.code.tex
Package: tikz 2021/05/15 v3.1.9a (3.1.9a)
 (c:/texlive/2022/texmf-dist/tex/generic/pgf/libraries/pgflibraryplothandlers.code.tex
File: pgflibraryplothandlers.code.tex 2021/05/15 v3.1.9a (3.1.9a)
\pgf@plot@mark@count=\count397
\pgfplotmarksize=\dimen326
)
\tikz@lastx=\dimen327
\tikz@lasty=\dimen328
\tikz@lastxsaved=\dimen329
\tikz@lastysaved=\dimen330
\tikz@lastmovetox=\dimen331
\tikz@lastmovetoy=\dimen332
\tikzleveldistance=\dimen333
\tikzsiblingdistance=\dimen334
\tikz@figbox=\box124
\tikz@figbox@bg=\box125
\tikz@tempbox=\box126
\tikz@tempbox@bg=\box127
\tikztreelevel=\count398
\tikznumberofchildren=\count399
\tikznumberofcurrentchild=\count400
\tikz@fig@count=\count401
 (c:/texlive/2022/texmf-dist/tex/generic/pgf/modules/pgfmodulematrix.code.tex
File: pgfmodulematrix.code.tex 2021/05/15 v3.1.9a (3.1.9a)
\pgfmatrixcurrentrow=\count402
\pgfmatrixcurrentcolumn=\count403
\pgf@matrix@numberofcolumns=\count404
)
\tikz@expandcount=\count405
 (c:/texlive/2022/texmf-dist/tex/generic/pgf/frontendlayer/tikz/libraries/tikzlibrarytopaths.code.tex
File: tikzlibrarytopaths.code.tex 2021/05/15 v3.1.9a (3.1.9a)
))) (c:/texlive/2022/texmf-dist/tex/generic/mathdots/mathdots.sty
Package: mathdots 2014/06/11 v0.9 Improve and add various macros for dots in math.
\MDo@unit=\dimen335
\MDo@dotsbox=\box128
\MDoprekern=\muskip18
\MDopostkern=\muskip19
\MDodotkern=\muskip20
) (c:/texlive/2022/texmf-dist/tex/latex/yhmath/yhmath.sty
Package: yhmath 2020/03/17 v1.6
\symyhlargesymbols=\mathgroup4
LaTeX Font Info:    Redeclaring math accent \widetilde on input line 29.
LaTeX Font Info:    Redeclaring math accent \widehat on input line 30.
LaTeX Font Info:    Redeclaring math symbol \braceld on input line 48.
LaTeX Font Info:    Redeclaring math symbol \bracerd on input line 49.
LaTeX Font Info:    Redeclaring math symbol \bracelu on input line 50.
LaTeX Font Info:    Redeclaring math symbol \braceru on input line 51.
LaTeX Font Info:    Redeclaring math delimiter \lmoustache on input line 53.
LaTeX Font Info:    Redeclaring math delimiter \rmoustache on input line 55.
LaTeX Font Info:    Redeclaring math delimiter \arrowvert on input line 57.
LaTeX Font Info:    Redeclaring math delimiter \Arrowvert on input line 59.
LaTeX Font Info:    Redeclaring math delimiter \Vert on input line 61.
LaTeX Font Info:    Redeclaring math delimiter \vert on input line 63.
LaTeX Font Info:    Redeclaring math delimiter \uparrow on input line 65.
LaTeX Font Info:    Redeclaring math delimiter \downarrow on input line 67.
LaTeX Font Info:    Redeclaring math delimiter \updownarrow on input line 69.
LaTeX Font Info:    Redeclaring math delimiter \Uparrow on input line 71.
LaTeX Font Info:    Redeclaring math delimiter \Downarrow on input line 73.
LaTeX Font Info:    Redeclaring math delimiter \Updownarrow on input line 75.
LaTeX Font Info:    Redeclaring math delimiter \backslash on input line 79.
LaTeX Font Info:    Redeclaring math delimiter \rangle on input line 81.
LaTeX Font Info:    Redeclaring math delimiter \langle on input line 83.
LaTeX Font Info:    Redeclaring math delimiter \rbrace on input line 85.
LaTeX Font Info:    Redeclaring math delimiter \lbrace on input line 87.
LaTeX Font Info:    Redeclaring math delimiter \rceil on input line 89.
LaTeX Font Info:    Redeclaring math delimiter \lceil on input line 91.
LaTeX Font Info:    Redeclaring math delimiter \rfloor on input line 93.
LaTeX Font Info:    Redeclaring math delimiter \lfloor on input line 95.
LaTeX Font Info:    Redeclaring math delimiter \lgroup on input line 97.
LaTeX Font Info:    Redeclaring math delimiter \rgroup on input line 99.
LaTeX Font Info:    Redeclaring math delimiter \bracevert on input line 101.
) (c:/texlive/2022/texmf-dist/tex/latex/cancel/cancel.sty
Package: cancel 2013/04/12 v2.2 Cancel math terms
) (c:/texlive/2022/texmf-dist/tex/latex/amsfonts/amssymb.sty
Package: amssymb 2013/01/14 v3.01 AMS font symbols
 (c:/texlive/2022/texmf-dist/tex/latex/amsfonts/amsfonts.sty
Package: amsfonts 2013/01/14 v3.01 Basic AMSFonts support
\symAMSa=\mathgroup5
\symAMSb=\mathgroup6
LaTeX Font Info:    Redeclaring math symbol \hbar on input line 98.
LaTeX Font Info:    Overwriting math alphabet `\mathfrak' in version `bold'
(Font)                  U/euf/m/n --> U/euf/b/n on input line 106.
)) (c:/texlive/2022/texmf-dist/tex/latex/gensymb/gensymb.sty
Package: gensymb 2022/10/17 v1.0.2 (KJH)
) (c:/texlive/2022/texmf-dist/tex/latex/extarrows/extarrows.sty
Package: extarrows 2020/03/12 v1.2.0 Some extensible arrows
) (c:/texlive/2022/texmf-dist/tex/generic/pgf/frontendlayer/tikz/libraries/tikzlibraryfadings.code.tex
File: tikzlibraryfadings.code.tex 2021/05/15 v3.1.9a (3.1.9a)
 (c:/texlive/2022/texmf-dist/tex/generic/pgf/libraries/pgflibraryfadings.code.tex
File: pgflibraryfadings.code.tex 2021/05/15 v3.1.9a (3.1.9a)
)) (c:/texlive/2022/texmf-dist/tex/generic/pgf/frontendlayer/tikz/libraries/tikzlibrarypatterns.code.tex
File: tikzlibrarypatterns.code.tex 2021/05/15 v3.1.9a (3.1.9a)
 (c:/texlive/2022/texmf-dist/tex/generic/pgf/libraries/pgflibrarypatterns.code.tex
File: pgflibrarypatterns.code.tex 2021/05/15 v3.1.9a (3.1.9a)
)) (c:/texlive/2022/texmf-dist/tex/latex/pgf-blur/tikzlibraryshadows.blur.code.tex  v1.02, 2012/12/09 (c:/texlive/2022/texmf-dist/tex/generic/pgf/frontendlayer/tikz/libraries/tikzlibraryshadows.code.tex
File: tikzlibraryshadows.code.tex 2021/05/15 v3.1.9a (3.1.9a)
) (c:/texlive/2022/texmf-dist/tex/generic/pgf/frontendlayer/tikz/libraries/tikzlibrarycalc.code.tex
File: tikzlibrarycalc.code.tex 2021/05/15 v3.1.9a (3.1.9a)
)
\pgfbs@fading@count=\count406
) (c:/texlive/2022/texmf-dist/tex/generic/pgf/frontendlayer/tikz/libraries/tikzlibraryshapes.code.tex
File: tikzlibraryshapes.code.tex 2021/05/15 v3.1.9a (3.1.9a)
 (c:/texlive/2022/texmf-dist/tex/generic/pgf/frontendlayer/tikz/libraries/tikzlibraryshapes.geometric.code.tex
File: tikzlibraryshapes.geometric.code.tex 2021/05/15 v3.1.9a (3.1.9a)
 (c:/texlive/2022/texmf-dist/tex/generic/pgf/libraries/shapes/pgflibraryshapes.geometric.code.tex
File: pgflibraryshapes.geometric.code.tex 2021/05/15 v3.1.9a (3.1.9a)
)) (c:/texlive/2022/texmf-dist/tex/generic/pgf/frontendlayer/tikz/libraries/tikzlibraryshapes.misc.code.tex
File: tikzlibraryshapes.misc.code.tex 2021/05/15 v3.1.9a (3.1.9a)
 (c:/texlive/2022/texmf-dist/tex/generic/pgf/libraries/shapes/pgflibraryshapes.misc.code.tex
File: pgflibraryshapes.misc.code.tex 2021/05/15 v3.1.9a (3.1.9a)
)) (c:/texlive/2022/texmf-dist/tex/generic/pgf/frontendlayer/tikz/libraries/tikzlibraryshapes.symbols.code.tex
File: tikzlibraryshapes.symbols.code.tex 2021/05/15 v3.1.9a (3.1.9a)
 (c:/texlive/2022/texmf-dist/tex/generic/pgf/libraries/shapes/pgflibraryshapes.symbols.code.tex
File: pgflibraryshapes.symbols.code.tex 2021/05/15 v3.1.9a (3.1.9a)
)) (c:/texlive/2022/texmf-dist/tex/generic/pgf/frontendlayer/tikz/libraries/tikzlibraryshapes.arrows.code.tex
File: tikzlibraryshapes.arrows.code.tex 2021/05/15 v3.1.9a (3.1.9a)
 (c:/texlive/2022/texmf-dist/tex/generic/pgf/libraries/shapes/pgflibraryshapes.arrows.code.tex
File: pgflibraryshapes.arrows.code.tex 2021/05/15 v3.1.9a (3.1.9a)
)) (c:/texlive/2022/texmf-dist/tex/generic/pgf/frontendlayer/tikz/libraries/tikzlibraryshapes.callouts.code.tex (c:/texlive/2022/texmf-dist/tex/generic/pgf/libraries/shapes/pgflibraryshapes.callouts.code.tex)) (c:/texlive/2022/texmf-dist/tex/generic/pgf/frontendlayer/tikz/libraries/tikzlibraryshapes.multipart.code.tex
File: tikzlibraryshapes.multipart.code.tex 2021/05/15 v3.1.9a (3.1.9a)
 (c:/texlive/2022/texmf-dist/tex/generic/pgf/libraries/shapes/pgflibraryshapes.multipart.code.tex
File: pgflibraryshapes.multipart.code.tex 2021/05/15 v3.1.9a (3.1.9a)
\pgfnodepartlowerbox=\box129
\pgfnodeparttwobox=\box130
\pgfnodepartthreebox=\box131
\pgfnodepartfourbox=\box132
\pgfnodeparttwentybox=\box133
\pgfnodepartnineteenbox=\box134
\pgfnodeparteighteenbox=\box135
\pgfnodepartseventeenbox=\box136
\pgfnodepartsixteenbox=\box137
\pgfnodepartfifteenbox=\box138
\pgfnodepartfourteenbox=\box139
\pgfnodepartthirteenbox=\box140
\pgfnodeparttwelvebox=\box141
\pgfnodepartelevenbox=\box142
\pgfnodeparttenbox=\box143
\pgfnodepartninebox=\box144
\pgfnodeparteightbox=\box145
\pgfnodepartsevenbox=\box146
\pgfnodepartsixbox=\box147
\pgfnodepartfivebox=\box148
))) (c:/texlive/2022/texmf-dist/tex/generic/pgf/frontendlayer/tikz/libraries/tikzlibraryarrows.code.tex
File: tikzlibraryarrows.code.tex 2021/05/15 v3.1.9a (3.1.9a)
 (c:/texlive/2022/texmf-dist/tex/generic/pgf/libraries/pgflibraryarrows.code.tex
File: pgflibraryarrows.code.tex 2021/05/15 v3.1.9a (3.1.9a)
\arrowsize=\dimen336
)) (c:/texlive/2022/texmf-dist/tex/generic/pgf/frontendlayer/tikz/libraries/tikzlibrarypositioning.code.tex
File: tikzlibrarypositioning.code.tex 2021/05/15 v3.1.9a (3.1.9a)
) (c:/texlive/2022/texmf-dist/tex/latex/lipsum/lipsum.sty (c:/texlive/2022/texmf-dist/tex/latex/l3packages/l3keys2e/l3keys2e.sty (c:/texlive/2022/texmf-dist/tex/latex/l3kernel/expl3.sty
Package: expl3 2022-10-26 L3 programming layer (loader) 
 (c:/texlive/2022/texmf-dist/tex/latex/l3backend/l3backend-pdftex.def
File: l3backend-pdftex.def 2022-10-26 L3 backend support: PDF output (pdfTeX)
\l__color_backend_stack_int=\count407
\l__pdf_internal_box=\box149
))
Package: l3keys2e 2022-06-22 LaTeX2e option processing using LaTeX3 keys
)
Package: lipsum 2021-09-20 v2.7 150 paragraphs of Lorem Ipsum dummy text
\g__lipsum_par_int=\count408
\l__lipsum_a_int=\count409
\l__lipsum_b_int=\count410
 (c:/texlive/2022/texmf-dist/tex/latex/lipsum/lipsum.ltd.tex)) (c:/texlive/2022/texmf-dist/tex/latex/hyperref/backref.sty
Package: backref 2021/02/04 v1.41 Bibliographical back referencing
) (./abntex2cite.sty

LaTeX Warning: You have requested package `./abntex2cite',
               but the package provides `abntex2cite'.

Package: abntex2cite <CURRENT_DATE> v<VERSION> abnTeX2
(c:/texlive/2022/texmf-dist/tex/latex/abntex2/abntex2abrev.sty)
\minimumbiblabelwidth=\skip285
\ABCIauxlen=\skip286
\c@ABCIaux=\count411
\c@ABCImax=\count412
 (c:/texlive/2022/texmf-dist/tex/generic/iftex/ifpdf.sty
Package: ifpdf 2019/10/25 v3.4 ifpdf legacy package. Use iftex instead.
) (c:/texlive/2022/texmf-dist/tex/generic/iftex/ifxetex.sty
Package: ifxetex 2019/10/25 v0.7 ifxetex legacy package. Use iftex instead.
) (c:/texlive/2022/texmf-dist/tex/latex/relsize/relsize.sty
Package: relsize 2013/03/29 ver 4.1
)
\biblabelsep=\skip287
LaTeX Info: Redefining \newblock on input line 591.
LaTeX Info: Redefining \cite on input line 862.
\ABCItoken=\toks48
) (./abntex2ime.sty
Package: abntex2ime 2019/28/05 Criacao desta customizacao do abnTeX2
 (c:/texlive/2022/texmf-dist/tex/generic/listofitems/listofitems.sty (c:/texlive/2022/texmf-dist/tex/generic/listofitems/listofitems.tex
\loi_cnt_foreach_nest=\count413
\loi_nestcnt=\count414
)
Package: listofitems 2019/08/21 v1.63 Grab items in lists using user-specified sep char (CT)
) (c:/texlive/2022/texmf-dist/tex/latex/geometry/geometry.sty
Package: geometry 2020/01/02 v5.9 Page Geometry
 (c:/texlive/2022/texmf-dist/tex/generic/iftex/ifvtex.sty
Package: ifvtex 2019/10/25 v1.7 ifvtex legacy package. Use iftex instead.
)
\Gm@cnth=\count415
\Gm@cntv=\count416
\c@Gm@tempcnt=\count417
\Gm@bindingoffset=\dimen337
\Gm@wd@mp=\dimen338
\Gm@odd@mp=\dimen339
\Gm@even@mp=\dimen340
\Gm@layoutwidth=\dimen341
\Gm@layoutheight=\dimen342
\Gm@layouthoffset=\dimen343
\Gm@layoutvoffset=\dimen344
\Gm@dimlist=\toks49
)) (./dados.tex)
Package hyperref Info: Option `colorlinks' set `true' on input line 132.
\c@quadro=\count418
\c@loqdepth=\count419
\cftbeforequadroskip=\skip288
\cftquadroindent=\skip289
\cftquadronumwidth=\skip290
\main@idxfile=\write5
\openout5 = `main.idx'.


Writing index file main.idx 
(./main.aux (./pre-texto.aux) (./simbolo-abrev.aux) (./chapter-01/cap01-intro.aux) (./chapter-02/cap02-revisaoteorica.aux) (./chapter-03/cap03-metodosnumericos.aux) (./chapter-04/cap04-turbulencia.aux) (./chapter-05/cap05-trajetoria.aux) (./chapter-06/cap06-estudoproposto.aux) (./chapter-07/cap07-resultados.aux) (./chapter-08/cap08-consideracoesfinais.aux) (./appendices/apendice-A-cd-sem-bb.aux) (./appendices/apendice-B-cd-temp-300K.aux) (./appendices/apendice-C-cd-temp-1500K.aux) (./appendices/apendice-D-cd-temp-2306K-1pol-vazao0015.aux) (./appendices/apendice-E-cd-temp-2306K-1pol-vazao0030.aux) (./appendices/apendice-F-cd-temp-2306K-2pol-vazao0030.aux) (./appendices/apendice-G-cd-temp-2306K-2pol-vazao0060.aux))
\openout1 = `main.aux'.

LaTeX Font Info:    Checking defaults for OML/cmm/m/it on input line 184.
LaTeX Font Info:    ... okay on input line 184.
LaTeX Font Info:    Checking defaults for OMS/cmsy/m/n on input line 184.
LaTeX Font Info:    ... okay on input line 184.
LaTeX Font Info:    Checking defaults for OT1/cmr/m/n on input line 184.
LaTeX Font Info:    ... okay on input line 184.
LaTeX Font Info:    Checking defaults for T1/cmr/m/n on input line 184.
LaTeX Font Info:    ... okay on input line 184.
LaTeX Font Info:    Checking defaults for TS1/cmr/m/n on input line 184.
LaTeX Font Info:    ... okay on input line 184.
LaTeX Font Info:    Checking defaults for OMX/cmex/m/n on input line 184.
LaTeX Font Info:    ... okay on input line 184.
LaTeX Font Info:    Checking defaults for U/cmr/m/n on input line 184.
LaTeX Font Info:    ... okay on input line 184.
LaTeX Font Info:    Checking defaults for PD1/pdf/m/n on input line 184.
LaTeX Font Info:    ... okay on input line 184.
LaTeX Font Info:    Checking defaults for PU/pdf/m/n on input line 184.
LaTeX Font Info:    ... okay on input line 184.
Package hyperref Info: Link coloring ON on input line 184.
\myptabbox=\box150
\myptabboxwidth=\skip291
 (c:/texlive/2022/texmf-dist/tex/context/base/mkii/supp-pdf.mkii
[Loading MPS to PDF converter (version 2006.09.02).]
\scratchcounter=\count420
\scratchdimen=\dimen345
\scratchbox=\box151
\nofMPsegments=\count421
\nofMParguments=\count422
\everyMPshowfont=\toks50
\MPscratchCnt=\count423
\MPscratchDim=\dimen346
\MPnumerator=\count424
\makeMPintoPDFobject=\count425
\everyMPtoPDFconversion=\toks51
) (c:/texlive/2022/texmf-dist/tex/latex/epstopdf-pkg/epstopdf-base.sty
Package: epstopdf-base 2020-01-24 v2.11 Base part for package epstopdf
Package epstopdf-base Info: Redefining graphics rule for `.eps' on input line 485.
 (c:/texlive/2022/texmf-dist/tex/latex/latexconfig/epstopdf-sys.cfg
File: epstopdf-sys.cfg 2010/07/13 v1.3 Configuration of (r)epstopdf for TeX Live
))
LaTeX Info: Redefining \microtypecontext on input line 184.
Package microtype Info: Applying patch `item' on input line 184.
Package microtype Info: Applying patch `toc' on input line 184.
Package microtype Info: Applying patch `eqnum' on input line 184.
Package microtype Info: Applying patch `footnote' on input line 184.
Package microtype Info: Generating PDF output.
Package microtype Info: Character protrusion enabled (level 2).
Package microtype Info: Using default protrusion set `alltext'.
Package microtype Info: Automatic font expansion enabled (level 2),
(microtype)             stretch: 20, shrink: 20, step: 1, non-selected.
Package microtype Info: Using default expansion set `alltext-nott'.
LaTeX Info: Redefining \showhyphens on input line 184.
Package microtype Info: No adjustment of tracking.
Package microtype Info: No adjustment of interword spacing.
Package microtype Info: No adjustment of character kerning.
 (c:/texlive/2022/texmf-dist/tex/latex/microtype/mt-cmr.cfg
File: mt-cmr.cfg 2013/05/19 v2.2 microtype config. file: Computer Modern Roman (RS)
) (c:/texlive/2022/texmf-dist/tex/latex/translations/translations-basic-dictionary-brazil.trsl
File: translations-basic-dictionary-brazil.trsl (brazil translation file `translations-basic-dictionary')
)
Package translations Info: loading dictionary `translations-basic-dictionary' for `brazil'. on input line 184.
 (c:/texlive/2022/texmf-dist/tex/latex/translations/translations-basic-dictionary-english.trsl
File: translations-basic-dictionary-english.trsl (english translation file `translations-basic-dictionary')
)
Package translations Info: loading dictionary `translations-basic-dictionary' for `english'. on input line 184.
Package caption Info: Begin \AtBeginDocument code.
Package caption Info: End \AtBeginDocument code.
LaTeX Info: Redefining \celsius on input line 184.
Package gensymb Info: Faking symbols for \degree and \celsius on input line 184.


Package gensymb Warning: Not defining \perthousand.

LaTeX Info: Redefining \ohm on input line 184.
Package gensymb Info: Using \Omega for \ohm on input line 184.

Package gensymb Warning: Not defining \micro.

*geometry* driver: auto-detecting
*geometry* detected driver: pdftex
*geometry* verbose mode - [ preamble ] result:
* pass: disregarded the geometry package!
* \paperwidth=597.50787pt
* \paperheight=845.04684pt
* \textwidth=455.0pt
* \textheight=708.0pt
* \oddsidemargin=13.0pt
* \evensidemargin=-15.0pt
* \topmargin=-21.28552pt
* \headheight=14.5pt
* \headsep=19.8738pt
* \topskip=12.0pt
* \footskip=30.0pt
* \marginparwidth=42.9055pt
* \marginparsep=7.0pt
* \columnsep=10.0pt
* \skip\footins=12.0pt plus 4.0pt minus 4.0pt
* \hoffset=0.0pt
* \voffset=0.0pt
* \mag=1000
* \@twocolumnfalse
* \@twosidefalse
* \@mparswitchfalse
* \@reversemarginfalse
* (1in=72.27pt=25.4mm, 1cm=28.453pt)

*geometry* verbose mode - [ newgeometry ] result:
* driver: pdftex
* paper: a4paper
* layout: <same size as paper>
* layoutoffset:(h,v)=(0.0pt,0.0pt)
* modes: 
* h-part:(L,W,R)=(36.98857pt, 523.53073pt, 36.98857pt)
* v-part:(T,H,B)=(56.9055pt, 708.47363pt, 79.66771pt)
* \paperwidth=597.50787pt
* \paperheight=845.04684pt
* \textwidth=523.53073pt
* \textheight=708.47363pt
* \oddsidemargin=-35.28142pt
* \evensidemargin=-35.28142pt
* \topmargin=-49.73828pt
* \headheight=14.5pt
* \headsep=19.8738pt
* \topskip=12.0pt
* \footskip=30.0pt
* \marginparwidth=42.9055pt
* \marginparsep=7.0pt
* \columnsep=10.0pt
* \skip\footins=12.0pt plus 4.0pt minus 4.0pt
* \hoffset=0.0pt
* \voffset=0.0pt
* \mag=1000
* \@twocolumnfalse
* \@twosidefalse
* \@mparswitchfalse
* \@reversemarginfalse
* (1in=72.27pt=25.4mm, 1cm=28.453pt)

LaTeX Font Info:    Trying to load font information for T1+lmss on input line 201.
(c:/texlive/2022/texmf-dist/tex/latex/lm/t1lmss.fd
File: t1lmss.fd 2015/05/01 v1.6.1 Font defs for Latin Modern
)
Package microtype Info: Loading generic protrusion settings for font family
(microtype)             `lmss' (encoding: T1).
(microtype)             For optimal results, create family-specific settings.
(microtype)             See the microtype manual for details.
 [1


{c:/texlive/2022/texmf-var/fonts/map/pdftex/updmap/pdftex.map}]
Underfull \hbox (badness 10000) in paragraph at lines 210--210

 []


Overfull \hbox (2.61105pt too wide) in paragraph at lines 210--210
[][] [] 
 []

LaTeX Font Info:    Trying to load font information for OT1+lmr on input line 210.
(c:/texlive/2022/texmf-dist/tex/latex/lm/ot1lmr.fd
File: ot1lmr.fd 2015/05/01 v1.6.1 Font defs for Latin Modern
)
LaTeX Font Info:    Trying to load font information for OML+lmm on input line 210.
 (c:/texlive/2022/texmf-dist/tex/latex/lm/omllmm.fd
File: omllmm.fd 2015/05/01 v1.6.1 Font defs for Latin Modern
)
LaTeX Font Info:    Trying to load font information for OMS+lmsy on input line 210.
 (c:/texlive/2022/texmf-dist/tex/latex/lm/omslmsy.fd
File: omslmsy.fd 2015/05/01 v1.6.1 Font defs for Latin Modern
)
LaTeX Font Info:    Trying to load font information for OMX+lmex on input line 210.
 (c:/texlive/2022/texmf-dist/tex/latex/lm/omxlmex.fd
File: omxlmex.fd 2015/05/01 v1.6.1 Font defs for Latin Modern
)
LaTeX Font Info:    External font `lmex10' loaded for size
(Font)              <12> on input line 210.
LaTeX Font Info:    External font `lmex10' loaded for size
(Font)              <8> on input line 210.
LaTeX Font Info:    External font `lmex10' loaded for size
(Font)              <6> on input line 210.
LaTeX Font Info:    Trying to load font information for OMX+yhex on input line 210.
 (c:/texlive/2022/texmf-dist/tex/latex/yhmath/OMXyhex.fd
File: OMXyhex.fd 
File: OMXyhex.fd 2013/07/03 v1.1 YH's humble contribution to TeX maths (NP)
)
LaTeX Font Info:    Trying to load font information for U+msa on input line 210.
 (c:/texlive/2022/texmf-dist/tex/latex/amsfonts/umsa.fd
File: umsa.fd 2013/01/14 v3.01 AMS symbols A
) (c:/texlive/2022/texmf-dist/tex/latex/microtype/mt-msa.cfg
File: mt-msa.cfg 2006/02/04 v1.1 microtype config. file: AMS symbols (a) (RS)
)
LaTeX Font Info:    Trying to load font information for U+msb on input line 210.
 (c:/texlive/2022/texmf-dist/tex/latex/amsfonts/umsb.fd
File: umsb.fd 2013/01/14 v3.01 AMS symbols B
) (c:/texlive/2022/texmf-dist/tex/latex/microtype/mt-msb.cfg
File: mt-msb.cfg 2005/06/01 v1.0 microtype config. file: AMS symbols (b) (RS)
)
pdfTeX warning (ext4): destination with the same identifier (name{page.1}) has been already used, duplicate ignored
<to be read again> 
                   \relax 
l.210 
       [1





]
*geometry* verbose mode - [ newgeometry ] result:
* driver: pdftex
* paper: a4paper
* layout: <same size as paper>
* layoutoffset:(h,v)=(0.0pt,0.0pt)
* modes: 
* h-part:(L,W,R)=(56.9055pt, 455.24411pt, 85.35826pt)
* v-part:(T,H,B)=(85.35826pt, 702.78308pt, 56.9055pt)
* \paperwidth=597.50787pt
* \paperheight=845.04684pt
* \textwidth=455.24411pt
* \textheight=702.78308pt
* \oddsidemargin=-15.36449pt
* \evensidemargin=-15.36449pt
* \topmargin=-21.28552pt
* \headheight=14.5pt
* \headsep=19.8738pt
* \topskip=12.0pt
* \footskip=30.0pt
* \marginparwidth=42.9055pt
* \marginparsep=7.0pt
* \columnsep=10.0pt
* \skip\footins=12.0pt plus 4.0pt minus 4.0pt
* \hoffset=0.0pt
* \voffset=0.0pt
* \mag=1000
* \@twocolumnfalse
* \@twosidefalse
* \@mparswitchfalse
* \@reversemarginfalse
* (1in=72.27pt=25.4mm, 1cm=28.453pt)

LaTeX Font Info:    Trying to load font information for TS1+lmss on input line 219.
 (c:/texlive/2022/texmf-dist/tex/latex/lm/ts1lmss.fd
File: ts1lmss.fd 2015/05/01 v1.6.1 Font defs for Latin Modern
)
Package microtype Info: Loading generic protrusion settings for font family
(microtype)             `lmss' (encoding: TS1).
(microtype)             For optimal results, create family-specific settings.
(microtype)             See the microtype manual for details.

Underfull \hbox (badness 10000) in paragraph at lines 219--219

 []

LaTeX Font Info:    External font `lmex10' loaded for size
(Font)              <10> on input line 219.
LaTeX Font Info:    External font `lmex10' loaded for size
(Font)              <7> on input line 219.
LaTeX Font Info:    External font `lmex10' loaded for size
(Font)              <5> on input line 219.
[2

] [3



]
\openout2 = `pre-texto.aux'.

 (./pre-texto.tex [4


] [5


] [6] [7

] [8

] [9

]) (./main.lof

Package siunitx Info: Option "number-unit-product" has been deprecated in this
(siunitx)             release.
(siunitx)             
(siunitx)             Use "quantity-product = " as a replacement.



LaTeX Warning: Command \textquotedbl invalid in math mode on input line 26.

[10



]) [11] (./main.lot
Overfull \hbox (21.3504pt too wide) in paragraph at lines 13--13
 [][] [][][]\T1/lmr/m/n/12 (-20) Trajetria Ba-ls-tica com QE = $\OT1/lmr/m/n/12 (-20) 711$$[]$ \T1/lmr/m/n/12 (-20) e v = $\OT1/lmr/m/n/12 (-20) 878$$m\OML/lmm/m/it/12 =[]$ $[]$[][] []  
 []


Overfull \hbox (21.3504pt too wide) in paragraph at lines 14--14
 [][] [][][]\T1/lmr/m/n/12 (-20) Trajetria Ba-ls-tica com QE = $\OT1/lmr/m/n/12 (-20) 800$$[]$ \T1/lmr/m/n/12 (-20) e v = $\OT1/lmr/m/n/12 (-20) 878$$m\OML/lmm/m/it/12 =[]$ $[]$[][] []  
 []


Overfull \hbox (21.3504pt too wide) in paragraph at lines 15--15
 [][] [][][]\T1/lmr/m/n/12 (-20) Trajetria Ba-ls-tica com QE = $\OT1/lmr/m/n/12 (-20) 711$$[]$ \T1/lmr/m/n/12 (-20) e v = $\OT1/lmr/m/n/12 (-20) 878$$m\OML/lmm/m/it/12 =[]$ $[]$[][] []  
 []


Overfull \hbox (21.3504pt too wide) in paragraph at lines 16--16
 [][] [][][]\T1/lmr/m/n/12 (-20) Trajetria Ba-ls-tica com QE = $\OT1/lmr/m/n/12 (-20) 800$$[]$ \T1/lmr/m/n/12 (-20) e v = $\OT1/lmr/m/n/12 (-20) 878$$m\OML/lmm/m/it/12 =[]$ $[]$[][] []  
 []

) [12

]
\openout2 = `simbolo-abrev.aux'.

 (./simbolo-abrev.tex [13



] [14] [15] [16] [17] [18] [19


] [20]) (./main.toc
LaTeX Font Info:    Font shape `T1/lmss/m/it' in size <10.95> not available
(Font)              Font shape `T1/lmss/m/sl' tried instead on input line 27.
LaTeX Font Info:    Font shape `T1/lmss/m/it' in size <12> not available
(Font)              Font shape `T1/lmss/m/sl' tried instead on input line 46.
 [21



] [22]
Overfull \hbox (1.5877pt too wide) detected at line 97
 \T1/lmss/bx/n/12 100
 []


Overfull \hbox (1.5877pt too wide) detected at line 101
 \T1/lmss/bx/n/12 101
 []


Overfull \hbox (1.5877pt too wide) detected at line 105
 \T1/lmss/bx/n/12 102
 []


Overfull \hbox (1.5877pt too wide) detected at line 109
 \T1/lmss/bx/n/12 103
 []


Overfull \hbox (1.5877pt too wide) detected at line 113
 \T1/lmss/bx/n/12 104
 []

) [23]
\openout2 = `chapter-01/cap01-intro.aux'.

 (./chapter-01/cap01-intro.tex
<chapter-01/img-cap01//foto01-reducao-arrasto.png, id=452, 493.845pt x 223.58531pt>
File: chapter-01/img-cap01//foto01-reducao-arrasto.png Graphic file (type png)
<use chapter-01/img-cap01//foto01-reducao-arrasto.png>
Package pdftex.def Info: chapter-01/img-cap01//foto01-reducao-arrasto.png  used on input line 8.
(pdftex.def)             Requested size: 455.0pt x 205.99777pt.
<chapter-01/img-cap01//foto02-cad-155mm.png, id=464, 663.47874pt x 241.90375pt>
File: chapter-01/img-cap01//foto02-cad-155mm.png Graphic file (type png)
<use chapter-01/img-cap01//foto02-cad-155mm.png>
Package pdftex.def Info: chapter-01/img-cap01//foto02-cad-155mm.png  used on input line 19.
(pdftex.def)             Requested size: 455.0pt x 165.89131pt.
 [24



 <./chapter-01/img-cap01//foto01-reducao-arrasto.png>]
<chapter-01/img-cap01//foto03-esquema-bb.png, id=477, 461.725pt x 219.82124pt>
File: chapter-01/img-cap01//foto03-esquema-bb.png Graphic file (type png)
<use chapter-01/img-cap01//foto03-esquema-bb.png>
Package pdftex.def Info: chapter-01/img-cap01//foto03-esquema-bb.png  used on input line 28.
(pdftex.def)             Requested size: 364.00139pt x 173.29796pt.
<chapter-01/img-cap01//foto04-grafico-andersson1976.png, id=483, 367.3725pt x 175.40532pt>
File: chapter-01/img-cap01//foto04-grafico-andersson1976.png Graphic file (type png)
<use chapter-01/img-cap01//foto04-grafico-andersson1976.png>
Package pdftex.def Info: chapter-01/img-cap01//foto04-grafico-andersson1976.png  used on input line 37.
(pdftex.def)             Requested size: 364.00139pt x 173.80702pt.
 [25 <./chapter-01/img-cap01//foto02-cad-155mm.png> <./chapter-01/img-cap01//foto03-esquema-bb.png>] [26 <./chapter-01/img-cap01//foto04-grafico-andersson1976.png>]
LaTeX Font Info:    Trying to load font information for TS1+lmr on input line 50.
 (c:/texlive/2022/texmf-dist/tex/latex/lm/ts1lmr.fd
File: ts1lmr.fd 2015/05/01 v1.6.1 Font defs for Latin Modern
)
<chapter-01/img-cap01//foto05-grafico2-andersson1976.png, id=515, 197.98969pt x 245.41687pt>
File: chapter-01/img-cap01//foto05-grafico2-andersson1976.png Graphic file (type png)
<use chapter-01/img-cap01//foto05-grafico2-andersson1976.png>
Package pdftex.def Info: chapter-01/img-cap01//foto05-grafico2-andersson1976.png  used on input line 58.
(pdftex.def)             Requested size: 273.00278pt x 338.43222pt.
 [27 <./chapter-01/img-cap01//foto05-grafico2-andersson1976.png>] [28]
<chapter-01/img-cap01//foto06-malha-lee&kim.png, id=545, 350.05782pt x 198.7425pt>
File: chapter-01/img-cap01//foto06-malha-lee&kim.png Graphic file (type png)
<use chapter-01/img-cap01//foto06-malha-lee&kim.png>
Package pdftex.def Info: chapter-01/img-cap01//foto06-malha-lee&kim.png  used on input line 79.
(pdftex.def)             Requested size: 273.00278pt x 155.00638pt.
 [29 <./chapter-01/img-cap01//foto06-malha-lee&kim.png>]
<chapter-01/img-cap01//foto07-bourdon2003.png, id=562, 173.89969pt x 295.85532pt>
File: chapter-01/img-cap01//foto07-bourdon2003.png Graphic file (type png)
<use chapter-01/img-cap01//foto07-bourdon2003.png>
Package pdftex.def Info: chapter-01/img-cap01//foto07-bourdon2003.png  used on input line 90.
(pdftex.def)             Requested size: 227.5pt x 387.06317pt.
<chapter-01/img-cap01//foto08-base-lee&kim.png, id=565, 186.6975pt x 348.55219pt>
File: chapter-01/img-cap01//foto08-base-lee&kim.png Graphic file (type png)
<use chapter-01/img-cap01//foto08-base-lee&kim.png>
Package pdftex.def Info: chapter-01/img-cap01//foto08-base-lee&kim.png  used on input line 97.
(pdftex.def)             Requested size: 227.5pt x 424.74904pt.
 [30 <./chapter-01/img-cap01//foto07-bourdon2003.png>]
<chapter-01/img-cap01//foto09-malha-mahmoud2009.png, id=579, 413.29407pt x 269.50688pt>
File: chapter-01/img-cap01//foto09-malha-mahmoud2009.png Graphic file (type png)
<use chapter-01/img-cap01//foto09-malha-mahmoud2009.png>
Package pdftex.def Info: chapter-01/img-cap01//foto09-malha-mahmoud2009.png  used on input line 108.
(pdftex.def)             Requested size: 455.0pt x 296.70932pt.
 [31 <./chapter-01/img-cap01//foto08-base-lee&kim.png>] [32 <./chapter-01/img-cap01//foto09-malha-mahmoud2009.png>]
<chapter-01/img-cap01/foto10-nicolas2017.png, id=617, 332.74312pt x 449.42906pt>
File: chapter-01/img-cap01/foto10-nicolas2017.png Graphic file (type png)
<use chapter-01/img-cap01/foto10-nicolas2017.png>
Package pdftex.def Info: chapter-01/img-cap01/foto10-nicolas2017.png  used on input line 129.
(pdftex.def)             Requested size: 227.5pt x 307.28099pt.
 [33] [34 <./chapter-01/img-cap01/foto10-nicolas2017.png>] [35] [36] [37]) [38]
\openout2 = `chapter-02/cap02-revisaoteorica.aux'.

 (./chapter-02/cap02-revisaoteorica.tex
<chapter-02/img-cap02//foto01-dali2018b.png, id=698, 309.40594pt x 240.14719pt>
File: chapter-02/img-cap02//foto01-dali2018b.png Graphic file (type png)
<use chapter-02/img-cap02//foto01-dali2018b.png>
Package pdftex.def Info: chapter-02/img-cap02//foto01-dali2018b.png  used on input line 27.
(pdftex.def)             Requested size: 227.5pt x 176.58116pt.
 [39




] [40 <./chapter-02/img-cap02//foto01-dali2018b.png>] [41]) [42]
\openout2 = `chapter-03/cap03-metodosnumericos.aux'.

 (./chapter-03/cap03-metodosnumericos.tex [43




] [44] [45] [46]
LaTeX Font Info:    External font `lmex10' loaded for size
(Font)              <10.95> on input line 197.
 [47] [48]
<chapter-03/img-cap03//foto01-volume-fluent.png, id=837, 574.39594pt x 286.06876pt>
File: chapter-03/img-cap03//foto01-volume-fluent.png Graphic file (type png)
<use chapter-03/img-cap03//foto01-volume-fluent.png>
Package pdftex.def Info: chapter-03/img-cap03//foto01-volume-fluent.png  used on input line 352.
(pdftex.def)             Requested size: 227.5pt x 113.29929pt.
 [49 <./chapter-03/img-cap03//foto01-volume-fluent.png>]
<chapter-03/img-cap03//foto02-minimos-quadrados.png, id=859, 280.79906pt x 208.52907pt>
File: chapter-03/img-cap03//foto02-minimos-quadrados.png Graphic file (type png)
<use chapter-03/img-cap03//foto02-minimos-quadrados.png>
Package pdftex.def Info: chapter-03/img-cap03//foto02-minimos-quadrados.png  used on input line 385.
(pdftex.def)             Requested size: 227.5pt x 168.94579pt.
<chapter-03/img-cap03//foto03-quick-1d.png, id=865, 344.03531pt x 153.57375pt>
File: chapter-03/img-cap03//foto03-quick-1d.png Graphic file (type png)
<use chapter-03/img-cap03//foto03-quick-1d.png>
Package pdftex.def Info: chapter-03/img-cap03//foto03-quick-1d.png  used on input line 401.
(pdftex.def)             Requested size: 227.5pt x 101.55347pt.
 [50] [51 <./chapter-03/img-cap03//foto02-minimos-quadrados.png> <./chapter-03/img-cap03//foto03-quick-1d.png>]
pdfTeX warning (ext4): destination with the same identifier (name{equation.3.1.1}) has been already used, duplicate ignored
<to be read again> 
                   \relax 
l.437 \end{align}
                 
pdfTeX warning (ext4): destination with the same identifier (name{equation.3.1.2}) has been already used, duplicate ignored
<to be read again> 
                   \relax 
l.437 \end{align}
                 
pdfTeX warning (ext4): destination with the same identifier (name{equation.3.1.3}) has been already used, duplicate ignored
<to be read again> 
                   \relax 
l.437 \end{align}
                 

LaTeX Warning: Command \' invalid in math mode on input line 448.


LaTeX Warning: Command \' invalid in math mode on input line 448.

) [52]
\openout2 = `chapter-04/cap04-turbulencia.aux'.

 (./chapter-04/cap04-turbulencia.tex [53




]
<chapter-04/img-cap04//foto01-decomposicao-reynolds.png, id=918, 317.68687pt x 146.04562pt>
File: chapter-04/img-cap04//foto01-decomposicao-reynolds.png Graphic file (type png)
<use chapter-04/img-cap04//foto01-decomposicao-reynolds.png>
Package pdftex.def Info: chapter-04/img-cap04//foto01-decomposicao-reynolds.png  used on input line 59.
(pdftex.def)             Requested size: 227.5pt x 104.58894pt.
 [54 <./chapter-04/img-cap04//foto01-decomposicao-reynolds.png>] [55] [56] [57]
LaTeX Font Info:    External font `lmex10' loaded for size
(Font)              <17.28> on input line 243.
 [58] [59] [60]
LaTeX Font Info:    Font shape `T1/lmss/m/it' in size <17.28> not available
(Font)              Font shape `T1/lmss/m/sl' tried instead on input line 368.
 [61]) [62] [63]
\openout2 = `chapter-05/cap05-trajetoria.aux'.

 (./chapter-05/cap05-trajetoria.tex [64




] [65] [66] [67] [68]) [69]
\openout2 = `chapter-06/cap06-estudoproposto.aux'.

 (./chapter-06/cap06-estudoproposto.tex [70




] [71]
<chapter-06/img-cap06//foto01-malha.png, id=1256, 3505.095pt x 1824.8175pt>
File: chapter-06/img-cap06//foto01-malha.png Graphic file (type png)
<use chapter-06/img-cap06//foto01-malha.png>
Package pdftex.def Info: chapter-06/img-cap06//foto01-malha.png  used on input line 65.
(pdftex.def)             Requested size: 455.0pt x 236.87262pt.
 [72 <./chapter-06/img-cap06//foto01-malha.png>] [73] [74]
<chapter-06/img-cap06//foto02-mccoy2012.png, id=1289, 553.06625pt x 383.4325pt>
File: chapter-06/img-cap06//foto02-mccoy2012.png Graphic file (type png)
<use chapter-06/img-cap06//foto02-mccoy2012.png>
Package pdftex.def Info: chapter-06/img-cap06//foto02-mccoy2012.png  used on input line 201.
(pdftex.def)             Requested size: 227.5pt x 157.71735pt.
 [75 <./chapter-06/img-cap06//foto02-mccoy2012.png (PNG copy)>] [76]) [77]
\openout2 = `chapter-07/cap07-resultados.aux'.

 (./chapter-07/cap07-resultados.tex
<chapter-07/img-cap07//cd-sembasebleed-comparacao.png, id=1325, 359.16pt x 272.217pt>
File: chapter-07/img-cap07//cd-sembasebleed-comparacao.png Graphic file (type png)
<use chapter-07/img-cap07//cd-sembasebleed-comparacao.png>
Package pdftex.def Info: chapter-07/img-cap07//cd-sembasebleed-comparacao.png  used on input line 10.
(pdftex.def)             Requested size: 227.5pt x 172.42802pt.
<chapter-07/img-cap07//contorno-pressao.png, id=1327, 833.36343pt x 510.40688pt>
File: chapter-07/img-cap07//contorno-pressao.png Graphic file (type png)
<use chapter-07/img-cap07//contorno-pressao.png>
Package pdftex.def Info: chapter-07/img-cap07//contorno-pressao.png  used on input line 21.
(pdftex.def)             Requested size: 213.85056pt x 130.97368pt.
<chapter-07/img-cap07//contorno-velocidade.png, id=1328, 821.31844pt x 511.15968pt>
File: chapter-07/img-cap07//contorno-velocidade.png Graphic file (type png)
<use chapter-07/img-cap07//contorno-velocidade.png>
Package pdftex.def Info: chapter-07/img-cap07//contorno-velocidade.png  used on input line 28.
(pdftex.def)             Requested size: 213.85056pt x 133.09337pt.
 [78




 <./chapter-07/img-cap07//cd-sembasebleed-comparacao.png> <./chapter-07/img-cap07//contorno-pressao.png> <./chapter-07/img-cap07//contorno-velocidade.png>]
<chapter-07/img-cap07//corrente-velocidade-off.png, id=1342, 860.46469pt x 511.15968pt>
File: chapter-07/img-cap07//corrente-velocidade-off.png Graphic file (type png)
<use chapter-07/img-cap07//corrente-velocidade-off.png>
Package pdftex.def Info: chapter-07/img-cap07//corrente-velocidade-off.png  used on input line 40.
(pdftex.def)             Requested size: 227.5pt x 135.14467pt.
LaTeX Font Info:    Font shape `T1/lmss/m/it' in size <14.4> not available
(Font)              Font shape `T1/lmss/m/sl' tried instead on input line 71.


LaTeX Warning: Command \textquotedbl invalid in math mode on input line 73.


LaTeX Warning: Command \textquotedbl invalid in math mode on input line 73.


LaTeX Warning: Command \textquotedbl invalid in math mode on input line 73.


LaTeX Warning: Command \textquotedbl invalid in math mode on input line 73.

[79 <./chapter-07/img-cap07//corrente-velocidade-off.png>]
<chapter-07/img-cap07//cd-combasebleed-diametro-1pol.png, id=1353, 361.569pt x 273.531pt>
File: chapter-07/img-cap07//cd-combasebleed-diametro-1pol.png Graphic file (type png)
<use chapter-07/img-cap07//cd-combasebleed-diametro-1pol.png>
Package pdftex.def Info: chapter-07/img-cap07//cd-combasebleed-diametro-1pol.png  used on input line 79.
(pdftex.def)             Requested size: 213.85056pt x 161.78256pt.
<chapter-07/img-cap07//cd-combasebleed-diametro-2pol.png, id=1354, 361.788pt x 272.217pt>
File: chapter-07/img-cap07//cd-combasebleed-diametro-2pol.png Graphic file (type png)
<use chapter-07/img-cap07//cd-combasebleed-diametro-2pol.png>
Package pdftex.def Info: chapter-07/img-cap07//cd-combasebleed-diametro-2pol.png  used on input line 86.
(pdftex.def)             Requested size: 213.85056pt x 160.90569pt.
<chapter-07/img-cap07//contorno-pressao-2306K-vazao-0015-1pol.png, id=1367, 834.11626pt x 526.21594pt>
File: chapter-07/img-cap07//contorno-pressao-2306K-vazao-0015-1pol.png Graphic file (type png)
<use chapter-07/img-cap07//contorno-pressao-2306K-vazao-0015-1pol.png>
Package pdftex.def Info: chapter-07/img-cap07//contorno-pressao-2306K-vazao-0015-1pol.png  used on input line 104.
(pdftex.def)             Requested size: 213.85056pt x 134.90994pt.
<chapter-07/img-cap07//contorno-pressao-2306K-vazao-0030-1pol.png, id=1368, 834.11626pt x 526.21594pt>
File: chapter-07/img-cap07//contorno-pressao-2306K-vazao-0030-1pol.png Graphic file (type png)
<use chapter-07/img-cap07//contorno-pressao-2306K-vazao-0030-1pol.png>
Package pdftex.def Info: chapter-07/img-cap07//contorno-pressao-2306K-vazao-0030-1pol.png  used on input line 111.
(pdftex.def)             Requested size: 213.85056pt x 134.90994pt.
<chapter-07/img-cap07//contorno-velocidade-2306K-vazao-0015-1pol.png, id=1369, 834.86906pt x 526.21594pt>
File: chapter-07/img-cap07//contorno-velocidade-2306K-vazao-0015-1pol.png Graphic file (type png)
<use chapter-07/img-cap07//contorno-velocidade-2306K-vazao-0015-1pol.png>
Package pdftex.def Info: chapter-07/img-cap07//contorno-velocidade-2306K-vazao-0015-1pol.png  used on input line 118.
(pdftex.def)             Requested size: 213.85056pt x 134.7895pt.

Underfull \hbox (badness 2600) in paragraph at lines 119--119
[][]|\T1/lmr/m/n/10.95 (+20) Con-tor-nos de Ve-lo-ci-dade - $[] \OT1/lmr/m/n/10.95 (+20) =
 []

<chapter-07/img-cap07//contorno-velocidade-2306K-vazao-0030-1pol.png, id=1370, 266.9172pt x 168.3891pt>
File: chapter-07/img-cap07//contorno-velocidade-2306K-vazao-0030-1pol.png Graphic file (type png)
<use chapter-07/img-cap07//contorno-velocidade-2306K-vazao-0030-1pol.png>
Package pdftex.def Info: chapter-07/img-cap07//contorno-velocidade-2306K-vazao-0030-1pol.png  used on input line 125.
(pdftex.def)             Requested size: 213.85056pt x 134.91443pt.

Underfull \hbox (badness 2302) in paragraph at lines 126--126
[][]|\T1/lmr/m/n/10.95 (+20) Con-tor-nos de Ve-lo-ci-dade - $[] \OT1/lmr/m/n/10.95 (+20) =
 []

<chapter-07/img-cap07//corrente-velocidade-2306K-vazao-0015-1pol.png, id=1371, 1030.60031pt x 526.21594pt>
File: chapter-07/img-cap07//corrente-velocidade-2306K-vazao-0015-1pol.png Graphic file (type png)
<use chapter-07/img-cap07//corrente-velocidade-2306K-vazao-0015-1pol.png>
Package pdftex.def Info: chapter-07/img-cap07//corrente-velocidade-2306K-vazao-0015-1pol.png  used on input line 132.
(pdftex.def)             Requested size: 213.85056pt x 109.18375pt.
<chapter-07/img-cap07//corrente-velocidade-2306K-vazao-0030-1pol.png, id=1372, 903.375pt x 526.21594pt>
File: chapter-07/img-cap07//corrente-velocidade-2306K-vazao-0030-1pol.png Graphic file (type png)
<use chapter-07/img-cap07//corrente-velocidade-2306K-vazao-0030-1pol.png>
Package pdftex.def Info: chapter-07/img-cap07//corrente-velocidade-2306K-vazao-0030-1pol.png  used on input line 139.
(pdftex.def)             Requested size: 213.85056pt x 124.56808pt.

LaTeX Warning: Command \textquotedbl invalid in math mode on input line 143.


LaTeX Warning: Command \textquotedbl invalid in math mode on input line 143.

[80 <./chapter-07/img-cap07//cd-combasebleed-diametro-1pol.png> <./chapter-07/img-cap07//cd-combasebleed-diametro-2pol.png>]

LaTeX Warning: Command \textquotedbl invalid in math mode on input line 149.

<chapter-07/img-cap07//contorno-pressao-2306K-vazao-0030-2pol.png, id=1393, 834.11626pt x 526.21594pt>
File: chapter-07/img-cap07//contorno-pressao-2306K-vazao-0030-2pol.png Graphic file (type png)
<use chapter-07/img-cap07//contorno-pressao-2306K-vazao-0030-2pol.png>
Package pdftex.def Info: chapter-07/img-cap07//contorno-pressao-2306K-vazao-0030-2pol.png  used on input line 155.
(pdftex.def)             Requested size: 213.85056pt x 134.90994pt.
<chapter-07/img-cap07//contorno-pressao-2306K-vazao-0060-2pol.png, id=1394, 865.73438pt x 526.21594pt>
File: chapter-07/img-cap07//contorno-pressao-2306K-vazao-0060-2pol.png Graphic file (type png)
<use chapter-07/img-cap07//contorno-pressao-2306K-vazao-0060-2pol.png>
Package pdftex.def Info: chapter-07/img-cap07//contorno-pressao-2306K-vazao-0060-2pol.png  used on input line 162.
(pdftex.def)             Requested size: 213.85056pt x 129.97989pt.
<chapter-07/img-cap07//contorno-velocidade-2306K-vazao-0030-2pol.png, id=1395, 833.36343pt x 524.71031pt>
File: chapter-07/img-cap07//contorno-velocidade-2306K-vazao-0030-2pol.png Graphic file (type png)
<use chapter-07/img-cap07//contorno-velocidade-2306K-vazao-0030-2pol.png>
Package pdftex.def Info: chapter-07/img-cap07//contorno-velocidade-2306K-vazao-0030-2pol.png  used on input line 169.
(pdftex.def)             Requested size: 213.85056pt x 134.64403pt.

Underfull \hbox (badness 2600) in paragraph at lines 170--170
[][]|\T1/lmr/m/n/10.95 (+20) Con-tor-nos de Ve-lo-ci-dade - $[] \OT1/lmr/m/n/10.95 (+20) =
 []

<chapter-07/img-cap07//contorno-velocidade-2306K-vazao-0060-2pol.png, id=1396, 866.48718pt x 526.21594pt>
File: chapter-07/img-cap07//contorno-velocidade-2306K-vazao-0060-2pol.png Graphic file (type png)
<use chapter-07/img-cap07//contorno-velocidade-2306K-vazao-0060-2pol.png>
Package pdftex.def Info: chapter-07/img-cap07//contorno-velocidade-2306K-vazao-0060-2pol.png  used on input line 176.
(pdftex.def)             Requested size: 213.85056pt x 129.86748pt.

Underfull \hbox (badness 2302) in paragraph at lines 177--177
[][]|\T1/lmr/m/n/10.95 (+20) Con-tor-nos de Ve-lo-ci-dade - $[] \OT1/lmr/m/n/10.95 (+20) =
 []

<chapter-07/img-cap07//corrente-velocidade-2306K-vazao-0030-2pol.png, id=1397, 1029.8475pt x 526.21594pt>
File: chapter-07/img-cap07//corrente-velocidade-2306K-vazao-0030-2pol.png Graphic file (type png)
<use chapter-07/img-cap07//corrente-velocidade-2306K-vazao-0030-2pol.png>
Package pdftex.def Info: chapter-07/img-cap07//corrente-velocidade-2306K-vazao-0030-2pol.png  used on input line 183.
(pdftex.def)             Requested size: 213.85056pt x 109.26405pt.
<chapter-07/img-cap07//corrente-velocidade-2306K-vazao-0060-2pol.png, id=1398, 1029.8475pt x 526.21594pt>
File: chapter-07/img-cap07//corrente-velocidade-2306K-vazao-0060-2pol.png Graphic file (type png)
<use chapter-07/img-cap07//corrente-velocidade-2306K-vazao-0060-2pol.png>
Package pdftex.def Info: chapter-07/img-cap07//corrente-velocidade-2306K-vazao-0060-2pol.png  used on input line 190.
(pdftex.def)             Requested size: 213.85056pt x 109.26405pt.
[81 <./chapter-07/img-cap07//contorno-pressao-2306K-vazao-0015-1pol.png> <./chapter-07/img-cap07//contorno-pressao-2306K-vazao-0030-1pol.png> <./chapter-07/img-cap07//contorno-velocidade-2306K-vazao-0015-1pol.png> <./chapter-07/img-cap07//contorno-velocidade-2306K-vazao-0030-1pol.png> <./chapter-07/img-cap07//corrente-velocidade-2306K-vazao-0015-1pol.png> <./chapter-07/img-cap07//corrente-velocidade-2306K-vazao-0030-1pol.png>] [82 <./chapter-07/img-cap07//contorno-pressao-2306K-vazao-0030-2pol.png> <./chapter-07/img-cap07//contorno-pressao-2306K-vazao-0060-2pol.png> <./chapter-07/img-cap07//contorno-velocidade-2306K-vazao-0030-2pol.png> <./chapter-07/img-cap07//contorno-velocidade-2306K-vazao-0060-2pol.png> <./chapter-07/img-cap07//corrente-velocidade-2306K-vazao-0030-2pol.png> <./chapter-07/img-cap07//corrente-velocidade-2306K-vazao-0060-2pol.png>]
<chapter-07/img-cap07//cd-combasebleed-1500K-2pol.png, id=1411, 361.788pt x 273.531pt>
File: chapter-07/img-cap07//cd-combasebleed-1500K-2pol.png Graphic file (type png)
<use chapter-07/img-cap07//cd-combasebleed-1500K-2pol.png>
Package pdftex.def Info: chapter-07/img-cap07//cd-combasebleed-1500K-2pol.png  used on input line 206.
(pdftex.def)             Requested size: 213.85056pt x 161.68239pt.
<chapter-07/img-cap07//contorno-pressao-1500K-vazao-0030-2pol.png, id=1412, 834.11626pt x 526.21594pt>
File: chapter-07/img-cap07//contorno-pressao-1500K-vazao-0030-2pol.png Graphic file (type png)
<use chapter-07/img-cap07//contorno-pressao-1500K-vazao-0030-2pol.png>
Package pdftex.def Info: chapter-07/img-cap07//contorno-pressao-1500K-vazao-0030-2pol.png  used on input line 215.
(pdftex.def)             Requested size: 213.84868pt x 113.80869pt.
<chapter-07/img-cap07//contorno-pressao-1500K-vazao-0060-2pol.png, id=1413, 834.11626pt x 526.21594pt>
File: chapter-07/img-cap07//contorno-pressao-1500K-vazao-0060-2pol.png Graphic file (type png)
<use chapter-07/img-cap07//contorno-pressao-1500K-vazao-0060-2pol.png>
Package pdftex.def Info: chapter-07/img-cap07//contorno-pressao-1500K-vazao-0060-2pol.png  used on input line 222.
(pdftex.def)             Requested size: 213.84868pt x 113.80869pt.
<chapter-07/img-cap07//contorno-velocidade-1500K-vazao-0030-2pol.png, id=1414, 834.11626pt x 526.21594pt>
File: chapter-07/img-cap07//contorno-velocidade-1500K-vazao-0030-2pol.png Graphic file (type png)
<use chapter-07/img-cap07//contorno-velocidade-1500K-vazao-0030-2pol.png>
Package pdftex.def Info: chapter-07/img-cap07//contorno-velocidade-1500K-vazao-0030-2pol.png  used on input line 229.
(pdftex.def)             Requested size: 213.84868pt x 113.80869pt.

Underfull \hbox (badness 2600) in paragraph at lines 230--230
[][]|\T1/lmr/m/n/10.95 (+20) Con-tor-nos de Ve-lo-ci-dade - $[] \OT1/lmr/m/n/10.95 (+20) =
 []

<chapter-07/img-cap07//contorno-velocidade-1500K-vazao-0060-2pol.png, id=1415, 834.11626pt x 526.21594pt>
File: chapter-07/img-cap07//contorno-velocidade-1500K-vazao-0060-2pol.png Graphic file (type png)
<use chapter-07/img-cap07//contorno-velocidade-1500K-vazao-0060-2pol.png>
Package pdftex.def Info: chapter-07/img-cap07//contorno-velocidade-1500K-vazao-0060-2pol.png  used on input line 236.
(pdftex.def)             Requested size: 213.84868pt x 113.80869pt.

Underfull \hbox (badness 2302) in paragraph at lines 237--237
[][]|\T1/lmr/m/n/10.95 (+20) Con-tor-nos de Ve-lo-ci-dade - $[] \OT1/lmr/m/n/10.95 (+20) =
 []

<chapter-07/img-cap07//corrente-velocidade-1500K-vazao-0030-2pol.png, id=1416, 834.11626pt x 526.21594pt>
File: chapter-07/img-cap07//corrente-velocidade-1500K-vazao-0030-2pol.png Graphic file (type png)
<use chapter-07/img-cap07//corrente-velocidade-1500K-vazao-0030-2pol.png>
Package pdftex.def Info: chapter-07/img-cap07//corrente-velocidade-1500K-vazao-0030-2pol.png  used on input line 242.
(pdftex.def)             Requested size: 213.84868pt x 113.80869pt.
<chapter-07/img-cap07//corrente-velocidade-1500K-vazao-0060-2pol.png, id=1417, 834.11626pt x 526.21594pt>
File: chapter-07/img-cap07//corrente-velocidade-1500K-vazao-0060-2pol.png Graphic file (type png)
<use chapter-07/img-cap07//corrente-velocidade-1500K-vazao-0060-2pol.png>
Package pdftex.def Info: chapter-07/img-cap07//corrente-velocidade-1500K-vazao-0060-2pol.png  used on input line 249.
(pdftex.def)             Requested size: 213.84868pt x 113.80869pt.
<chapter-07/img-cap07//cd-combasebleed-vazao006-2pol.png, id=1431, 361.788pt x 273.531pt>
File: chapter-07/img-cap07//cd-combasebleed-vazao006-2pol.png Graphic file (type png)
<use chapter-07/img-cap07//cd-combasebleed-vazao006-2pol.png>
Package pdftex.def Info: chapter-07/img-cap07//cd-combasebleed-vazao006-2pol.png  used on input line 267.
(pdftex.def)             Requested size: 213.85056pt x 161.68239pt.
[83 <./chapter-07/img-cap07//cd-combasebleed-1500K-2pol.png>]

LaTeX Warning: Text page 84 contains only floats.

[84 <./chapter-07/img-cap07//contorno-pressao-1500K-vazao-0030-2pol.png> <./chapter-07/img-cap07//contorno-pressao-1500K-vazao-0060-2pol.png> <./chapter-07/img-cap07//contorno-velocidade-1500K-vazao-0030-2pol.png> <./chapter-07/img-cap07//contorno-velocidade-1500K-vazao-0060-2pol.png> <./chapter-07/img-cap07//corrente-velocidade-1500K-vazao-0030-2pol.png> <./chapter-07/img-cap07//corrente-velocidade-1500K-vazao-0060-2pol.png> <./chapter-07/img-cap07//cd-combasebleed-vazao006-2pol.png>]
<chapter-07/img-cap07//cd-combasebleed-rans.png, id=1454, 361.569pt x 285.576pt>
File: chapter-07/img-cap07//cd-combasebleed-rans.png Graphic file (type png)
<use chapter-07/img-cap07//cd-combasebleed-rans.png>
Package pdftex.def Info: chapter-07/img-cap07//cd-combasebleed-rans.png  used on input line 282.
(pdftex.def)             Requested size: 227.5pt x 179.68723pt.
<chapter-07/img-cap07//contorno-pressao-SPALART-2pol.png, id=1456, 834.11626pt x 526.21594pt>
File: chapter-07/img-cap07//contorno-pressao-SPALART-2pol.png Graphic file (type png)
<use chapter-07/img-cap07//contorno-pressao-SPALART-2pol.png>
Package pdftex.def Info: chapter-07/img-cap07//contorno-pressao-SPALART-2pol.png  used on input line 293.
(pdftex.def)             Requested size: 213.85056pt x 134.90994pt.
<chapter-07/img-cap07//contorno-velocidade-SPALART-2pol.png, id=1457, 834.11626pt x 526.21594pt>
File: chapter-07/img-cap07//contorno-velocidade-SPALART-2pol.png Graphic file (type png)
<use chapter-07/img-cap07//contorno-velocidade-SPALART-2pol.png>
Package pdftex.def Info: chapter-07/img-cap07//contorno-velocidade-SPALART-2pol.png  used on input line 300.
(pdftex.def)             Requested size: 213.85056pt x 134.90994pt.
<chapter-07/img-cap07//corrente-velocidade-SPALART-2pol.png, id=1460, 834.11626pt x 526.21594pt>
File: chapter-07/img-cap07//corrente-velocidade-SPALART-2pol.png Graphic file (type png)
<use chapter-07/img-cap07//corrente-velocidade-SPALART-2pol.png>
Package pdftex.def Info: chapter-07/img-cap07//corrente-velocidade-SPALART-2pol.png  used on input line 312.
(pdftex.def)             Requested size: 227.5pt x 143.51746pt.
 [85 <./chapter-07/img-cap07//cd-combasebleed-rans.png>] [86 <./chapter-07/img-cap07//contorno-pressao-SPALART-2pol.png> <./chapter-07/img-cap07//contorno-velocidade-SPALART-2pol.png> <./chapter-07/img-cap07//corrente-velocidade-SPALART-2pol.png>]
<chapter-07/img-cap07//trajetoria_thallyo_wallace_basebleed-foto1.png, id=1482, 441.14813pt x 222.07968pt>
File: chapter-07/img-cap07//trajetoria_thallyo_wallace_basebleed-foto1.png Graphic file (type png)
<use chapter-07/img-cap07//trajetoria_thallyo_wallace_basebleed-foto1.png>
Package pdftex.def Info: chapter-07/img-cap07//trajetoria_thallyo_wallace_basebleed-foto1.png  used on input line 338.
(pdftex.def)             Requested size: 213.85056pt x 107.65428pt.
<chapter-07/img-cap07//trajetoria_thallyo_wallace_basebleed-foto2.png, id=1483, 441.14813pt x 223.58531pt>
File: chapter-07/img-cap07//trajetoria_thallyo_wallace_basebleed-foto2.png Graphic file (type png)
<use chapter-07/img-cap07//trajetoria_thallyo_wallace_basebleed-foto2.png>
Package pdftex.def Info: chapter-07/img-cap07//trajetoria_thallyo_wallace_basebleed-foto2.png  used on input line 345.
(pdftex.def)             Requested size: 213.85056pt x 108.38414pt.
<chapter-07/img-cap07//trajetoria_thallyo_wallace_basebleed-foto3.png, id=1484, 441.14813pt x 223.58531pt>
File: chapter-07/img-cap07//trajetoria_thallyo_wallace_basebleed-foto3.png Graphic file (type png)
<use chapter-07/img-cap07//trajetoria_thallyo_wallace_basebleed-foto3.png>
Package pdftex.def Info: chapter-07/img-cap07//trajetoria_thallyo_wallace_basebleed-foto3.png  used on input line 352.
(pdftex.def)             Requested size: 213.85056pt x 108.38414pt.
<chapter-07/img-cap07//trajetoria_thallyo_wallace_basebleed-foto4.png, id=1485, 441.14813pt x 223.58531pt>
File: chapter-07/img-cap07//trajetoria_thallyo_wallace_basebleed-foto4.png Graphic file (type png)
<use chapter-07/img-cap07//trajetoria_thallyo_wallace_basebleed-foto4.png>
Package pdftex.def Info: chapter-07/img-cap07//trajetoria_thallyo_wallace_basebleed-foto4.png  used on input line 359.
(pdftex.def)             Requested size: 213.85056pt x 108.38414pt.
 [87 <./chapter-07/img-cap07//trajetoria_thallyo_wallace_basebleed-foto1.png> <./chapter-07/img-cap07//trajetoria_thallyo_wallace_basebleed-foto2.png> <./chapter-07/img-cap07//trajetoria_thallyo_wallace_basebleed-foto3.png> <./chapter-07/img-cap07//trajetoria_thallyo_wallace_basebleed-foto4.png>]) [88]
\openout2 = `chapter-08/cap08-consideracoesfinais.aux'.

 (./chapter-08/cap08-consideracoesfinais.tex [89




] [90]) [91] (./main.bbl (./main.brf)
\tf@brf=\write6
\openout6 = `main.brf'.


bibitemlist
[92



]
Underfull \hbox (badness 1348) in paragraph at lines 197--197
\T1/lmr/m/n/12 (+20) re-duc-tion. In: \T1/lmr/m/it/12 (+20) In-ter-na-ti-o-nal Sci-en-ti-fic Con-fe-rence on De-fen-sive Te-ch-no-lo-gie\T1/lmr/m/n/12 (+20) . Bel-
 []

[93] [94] [95] [96]) [97]
\openout2 = `appendices/apendice-A-cd-sem-bb.aux'.

 (./appendices/apendice-A-cd-sem-bb.tex) [98



]
\openout2 = `appendices/apendice-B-cd-temp-300K.aux'.

 (./appendices/apendice-B-cd-temp-300K.tex) [99




]
\openout2 = `appendices/apendice-C-cd-temp-1500K.aux'.

 (./appendices/apendice-C-cd-temp-1500K.tex) [100




]
\openout2 = `appendices/apendice-D-cd-temp-2306K-1pol-vazao0015.aux'.

 (./appendices/apendice-D-cd-temp-2306K-1pol-vazao0015.tex) [101




]
\openout2 = `appendices/apendice-E-cd-temp-2306K-1pol-vazao0030.aux'.

 (./appendices/apendice-E-cd-temp-2306K-1pol-vazao0030.tex) [102




]
\openout2 = `appendices/apendice-F-cd-temp-2306K-2pol-vazao0030.aux'.

 (./appendices/apendice-F-cd-temp-2306K-2pol-vazao0030.tex) [103




]
\openout2 = `appendices/apendice-G-cd-temp-2306K-2pol-vazao0060.aux'.

 (./appendices/apendice-G-cd-temp-2306K-2pol-vazao0060.tex) [104




]
No file main.ind.
\tf@lof=\write7
\openout7 = `main.lof'.

\tf@lot=\write8
\openout8 = `main.lot'.

\tf@toc=\write9
\openout9 = `main.toc'.

(./main.aux (./pre-texto.aux) (./simbolo-abrev.aux) (./chapter-01/cap01-intro.aux) (./chapter-02/cap02-revisaoteorica.aux) (./chapter-03/cap03-metodosnumericos.aux) (./chapter-04/cap04-turbulencia.aux) (./chapter-05/cap05-trajetoria.aux) (./chapter-06/cap06-estudoproposto.aux) (./chapter-07/cap07-resultados.aux) (./chapter-08/cap08-consideracoesfinais.aux) (./appendices/apendice-A-cd-sem-bb.aux) (./appendices/apendice-B-cd-temp-300K.aux) (./appendices/apendice-C-cd-temp-1500K.aux) (./appendices/apendice-D-cd-temp-2306K-1pol-vazao0015.aux) (./appendices/apendice-E-cd-temp-2306K-1pol-vazao0030.aux) (./appendices/apendice-F-cd-temp-2306K-2pol-vazao0030.aux) (./appendices/apendice-G-cd-temp-2306K-2pol-vazao0060.aux))
Package rerunfilecheck Info: File `main.brf' has not changed.
(rerunfilecheck)             Checksum: 52B0B8363440E4E047F44C2437BDDCFC;12490.
 ) 
Here is how much of TeX's memory you used:
 41584 strings out of 475066
 867903 string characters out of 5782773
 1345085 words of memory out of 5000000
 61190 multiletter control sequences out of 15000+600000
 621906 words of font info for 311 fonts, out of 8000000 for 9000
 1141 hyphenation exceptions out of 8191
 88i,19n,93p,1326b,1254s stack positions out of 10000i,1000n,20000p,200000b,200000s
{c:/texlive/2022/texmf-dist/fonts/enc/dvips/lm/lm-ts1.enc}{c:/texlive/2022/texmf-dist/fonts/enc/dvips/lm/lm-rm.enc}{c:/texlive/2022/texmf-dist/fonts/enc/dvips/lm/lm-mathit.enc}{c:/texlive/2022/texmf-dist/fonts/enc/dvips/lm/lm-mathsy.enc}{c:/texlive/2022/texmf-dist/fonts/enc/dvips/lm/lm-ec.enc}{c:/texlive/2022/texmf-dist/fonts/enc/dvips/lm/lm-mathex.enc}<c:/texlive/2022/texmf-dist/fonts/type1/public/amsfonts/cm/cmex10.pfb><c:/texlive/2022/texmf-dist/fonts/type1/public/lm/lmbx12.pfb><c:/texlive/2022/texmf-dist/fonts/type1/public/lm/lmbxi10.pfb><c:/texlive/2022/texmf-dist/fonts/type1/public/lm/lmex10.pfb><c:/texlive/2022/texmf-dist/fonts/type1/public/lm/lmmi10.pfb><c:/texlive/2022/texmf-dist/fonts/type1/public/lm/lmmi12.pfb><c:/texlive/2022/texmf-dist/fonts/type1/public/lm/lmmi6.pfb><c:/texlive/2022/texmf-dist/fonts/type1/public/lm/lmmi8.pfb><c:/texlive/2022/texmf-dist/fonts/type1/public/lm/lmmib10.pfb><c:/texlive/2022/texmf-dist/fonts/type1/public/lm/lmr10.pfb><c:/texlive/2022/texmf-dist/fonts/type1/public/lm/lmr12.pfb><c:/texlive/2022/texmf-dist/fonts/type1/public/lm/lmr6.pfb><c:/texlive/2022/texmf-dist/fonts/type1/public/lm/lmr8.pfb><c:/texlive/2022/texmf-dist/fonts/type1/public/lm/lmr9.pfb><c:/texlive/2022/texmf-dist/fonts/type1/public/lm/lmri10.pfb><c:/texlive/2022/texmf-dist/fonts/type1/public/lm/lmri12.pfb><c:/texlive/2022/texmf-dist/fonts/type1/public/lm/lmss10.pfb><c:/texlive/2022/texmf-dist/fonts/type1/public/lm/lmss12.pfb><c:/texlive/2022/texmf-dist/fonts/type1/public/lm/lmss17.pfb><c:/texlive/2022/texmf-dist/fonts/type1/public/lm/lmssbx10.pfb><c:/texlive/2022/texmf-dist/fonts/type1/public/lm/lmsso10.pfb><c:/texlive/2022/texmf-dist/fonts/type1/public/lm/lmsso12.pfb><c:/texlive/2022/texmf-dist/fonts/type1/public/lm/lmsso17.pfb><c:/texlive/2022/texmf-dist/fonts/type1/public/lm/lmsy10.pfb><c:/texlive/2022/texmf-dist/fonts/type1/public/lm/lmsy6.pfb><c:/texlive/2022/texmf-dist/fonts/type1/public/lm/lmsy8.pfb><c:/texlive/2022/texmf-dist/fonts/type1/public/yhmath/yhcmex.pfb>
Output written on main.pdf (105 pages, 8137512 bytes).
PDF statistics:
 2237 PDF objects out of 2487 (max. 8388607)
 1915 compressed objects within 20 object streams
 526 named destinations out of 1000 (max. 500000)
 87036 words of extra memory for PDF output out of 89155 (max. 10000000)

